#
# A fatal error has been detected by the Java Runtime Environment:
#
#  SIGSEGV (0xb) at pc=0x00007ff8014971dd, pid=2773, tid=259
#
# JRE version: OpenJDK Runtime Environment (17.0.1+12) (build 17.0.1+12-39)
# Java VM: OpenJDK 64-Bit Server VM (17.0.1+12-39, mixed mode, sharing, tiered, compressed oops, compressed class ptrs, g1 gc, bsd-amd64)
# Problematic frame:
# C  [libobjc.A.dylib+0x71dd]  objc_msgSend+0x1d
#
# No core dump will be written. Core dumps have been disabled. To enable core dumping, try "ulimit -c unlimited" before starting Java again
#
# If you would like to submit a bug report, please visit:
#   https://bugreport.java.com/bugreport/crash.jsp
# The crash happened outside the Java Virtual Machine in native code.
# See problematic frame for where to report the bug.
#

---------------  S U M M A R Y ------------

Command Line: -javaagent:/Applications/IntelliJ IDEA.app/Contents/lib/idea_rt.jar=49360:/Applications/IntelliJ IDEA.app/Contents/bin -Dfile.encoding=UTF-8 dk.sdu.mmmi.cbse.main.Main

Host: "MacBookAir10,1" x86_64 (EMULATED) 2400 MHz, 8 cores, 8G, Darwin 22.2.0, macOS 13.1 (22C65)
Time: Wed Feb 15 10:41:00 2023 CET elapsed time: 8.453543 seconds (0d 0h 0m 8s)

---------------  T H R E A D  ---------------

Current thread (0x00007f7ee9021200):  JavaThread "AppKit Thread" daemon [_thread_in_native, id=259, stack(0x000000030be96000,0x000000030c696000)]

Stack: [0x000000030be96000,0x000000030c696000],  sp=0x000000030c6911f8,  free space=8172k
Native frames: (J=compiled Java code, j=interpreted, Vv=VM code, C=native code)
C  [libobjc.A.dylib+0x71dd]  objc_msgSend+0x1d
C  [AppKit+0x6ea69f]  __58-[_NSTrackingAreaAKManager _activeTrackingAreasNeedUpdate]_block_invoke+0x138
C  [AppKit+0x6f4f89]  ___NSMainRunLoopPerformBlockInModes_block_invoke+0x19
C  [CoreFoundation+0x7eb35]  __CFRUNLOOP_IS_CALLING_OUT_TO_A_BLOCK__+0xc
C  [CoreFoundation+0x7ea5f]  __CFRunLoopDoBlocks+0x194
C  [CoreFoundation+0x7d8cd]  __CFRunLoopRun+0x3c4
C  [CoreFoundation+0x7ce8f]  CFRunLoopRunSpecific+0x230
C  [HIToolbox+0x2f766]  RunCurrentEventLoopInMode+0x124
C  [HIToolbox+0x2f576]  ReceiveNextEventCommon+0x2a7
C  [HIToolbox+0x2f2b3]  _BlockUntilNextEventMatchingListInModeWithFilter+0x46
C  [AppKit+0x3df33]  _DPSNextEvent+0x38d
C  [AppKit+0x3cdb4]  -[NSApplication(NSEvent) _nextEventMatchingEventMask:untilDate:inMode:dequeue:]+0x4c3
C  [libosxapp.dylib+0x456a]  -[NSApplicationAWT nextEventMatchingMask:untilDate:inMode:dequeue:]+0x7a
C  [AppKit+0x2f3f7]  -[NSApplication run]+0x24a
C  [libosxapp.dylib+0x4339]  +[NSApplicationAWT runAWTLoopWithApp:]+0xa9
C  [libawt_lwawt.dylib+0x68800]  +[AWTStarter starter:headless:]+0x1f0
C  [libosxapp.dylib+0x600f]  +[ThreadUtilities invokeBlockCopy:]+0xf
C  [Foundation+0x7f420]  __NSThreadPerformPerform+0xb1
C  [CoreFoundation+0x7eee1]  __CFRUNLOOP_IS_CALLING_OUT_TO_A_SOURCE0_PERFORM_FUNCTION__+0x11
C  [CoreFoundation+0x7ee90]  __CFRunLoopDoSource0+0x9d
C  [CoreFoundation+0x7ec5e]  __CFRunLoopDoSources0+0xd4
C  [CoreFoundation+0x7d8b8]  __CFRunLoopRun+0x3af
C  [CoreFoundation+0x7ce8f]  CFRunLoopRunSpecific+0x230
C  [libjli.dylib+0x70b2]  CreateExecutionEnvironment+0x182
C  [libjli.dylib+0x2c15]  JLI_Launch+0x585
C  [java+0x3c01]  main+0x191
C  0x00000002044cb310


siginfo: si_signo: 11 (SIGSEGV), si_code: 1 (SEGV_MAPERR), si_addr: 0x0000000000000018

Register to memory mapping:

RAX=0x000002deb63d58f2 is an unknown value
RBX=0x00007ff8014971c0: objc_msgSend+0 in /usr/lib/libobjc.A.dylib at 0x00007ff801490000
RCX=0x0000000080000000 is an unknown value
RDX=0x00000000000002de is an unknown value
RSP=0x000000030c6911f8 is pointing into the stack for thread: 0x00007f7ee9021200
RBP=0x000000030c691590 is pointing into the stack for thread: 0x00007f7ee9021200
RSI=0x00007ff81f6a3f71 points into unknown readable memory: 77 69 6e 64 6f 77 4e
RDI=0x00007f7ee992a270 points into unknown readable memory: 0x5000000000000000 | 00 00 00 00 00 00 00 50
R8 =0x0000000000000039 is an unknown value
R9 =0x0000000000000002 is an unknown value
R10=0x0 is NULL
R11=0x00007ff81f6a3f71 points into unknown readable memory: 77 69 6e 64 6f 77 4e
R12=0x0 is NULL
R13=0x00007ff8014971c0: objc_msgSend+0 in /usr/lib/libobjc.A.dylib at 0x00007ff801490000
R14=0x00006000037e0720 points into unknown readable memory: 0x041dfff844e9285d | 5d 28 e9 44 f8 ff 1d 04
R15=0x00007ff801499bc0: objc_release+0 in /usr/lib/libobjc.A.dylib at 0x00007ff801490000


Registers:
RAX=0x000002deb63d58f2, RBX=0x00007ff8014971c0, RCX=0x0000000080000000, RDX=0x00000000000002de
RSP=0x000000030c6911f8, RBP=0x000000030c691590, RSI=0x00007ff81f6a3f71, RDI=0x00007f7ee992a270
R8 =0x0000000000000039, R9 =0x0000000000000002, R10=0x0000000000000000, R11=0x00007ff81f6a3f71
R12=0x0000000000000000, R13=0x00007ff8014971c0, R14=0x00006000037e0720, R15=0x00007ff801499bc0
RIP=0x00007ff8014971dd, EFLAGS=0x0000000000000247, ERR=0x0000000000000004
  TRAPNO=0x000000000000000e

Top of Stack: (sp=0x000000030c6911f8)
0x000000030c6911f8:   00007ff805016be4 0000000000000000
0x000000030c691208:   0000000000000000 407f400000000000
0x000000030c691218:   403c000000000000 ffffffffffffffff
0x000000030c691228:   000000030c6914e0 00007ff801bab598
0x000000030c691238:   0000000000000000 0000000000000000
0x000000030c691248:   0000000000000000 0000000000000000
0x000000030c691258:   0000000000000000 000000030c691360
0x000000030c691268:   00007ff80188fc6e 000000030c6912c0
0x000000030c691278:   000000030c691380 010000030c6912e0
0x000000030c691288:   00007ff844e6bb20 00000000c2000000
0x000000030c691298:   00007ff8019f7f7c 00007ff8447658c0
0x000000030c6912a8:   00006000037cc5a0 000000030c691300
0x000000030c6912b8:   000000030c6912e0 0000000000000000
0x000000030c6912c8:   0000000000000000 407f400000000000
0x000000030c6912d8:   403c000000000000 0000000000000000
0x000000030c6912e8:   00007ff81f6add0c 00007ff81f623685
0x000000030c6912f8:   00007ff81f6a3a26 00007ff81f6add16
0x000000030c691308:   00007ff81f720d27 00007ff844e6bb20
0x000000030c691318:   00000000c2000000 00007ff80501c2f0
0x000000030c691328:   00007ff8416afa40 0000600001368b80
0x000000030c691338:   0000000000000000 0000000000000000
0x000000030c691348:   00007f7ee8748d00 402ce20000000000
0x000000030c691358:   402f0c0000000000 402ce20000000000
0x000000030c691368:   4079f86000000000 00007f7ee8747ec0
0x000000030c691378:   0000600001000100 00007ff844e6bb20
0x000000030c691388:   00007ff81f6a781e 0000000000000000
0x000000030c691398:   00007ff81f627719 0000600003de3980
0x000000030c6913a8:   0000600001368b80 00006000026e8540
0x000000030c6913b8:   00007ff81f6a3f71 00007ff81f6adea8
0x000000030c6913c8:   00007ff81f6244d7 0000000000000001
0x000000030c6913d8:   00007f7ee992a270 0000600001368bc0
0x000000030c6913e8:   0000000041706688 40a8a7207f03a766 

Instructions: (pc=0x00007ff8014971dd)
0x00007ff8014970dd:   89 f8 c3 48 8b 05 e1 1d 9d 43 ff e0 90 90 90 90
0x00007ff8014970ed:   90 90 90 90 90 90 90 90 90 90 90 90 90 90 90 90
0x00007ff8014970fd:   90 90 90 31 c0 31 d2 0f 57 c0 0f 57 c9 c3 90 d9
0x00007ff80149710d:   ee 31 c0 31 d2 0f 57 c0 0f 57 c9 c3 0f 1f 00 d9
0x00007ff80149711d:   ee d9 ee 31 c0 31 d2 0f 57 c0 0f 57 c9 c3 90 48
0x00007ff80149712d:   89 f8 c3 49 89 fa 49 89 f3 45 23 5a 18 49 c1 e3
0x00007ff80149713d:   04 4d 03 5a 10 49 3b 33 75 0e 49 8b 43 08 48 83
0x00007ff80149714d:   f8 00 74 03 4c 31 d0 c3 49 83 3b 01 76 17 49 83
0x00007ff80149715d:   c3 10 49 3b 33 75 f1 49 8b 43 08 48 83 f8 00 74
0x00007ff80149716d:   03 4c 31 d0 c3 72 25 4d 8b 5b 08 eb 0a 49 83 3b
0x00007ff80149717d:   01 76 17 49 83 c3 10 49 3b 33 75 f1 49 8b 43 08
0x00007ff80149718d:   48 83 f8 00 74 03 4c 31 d0 c3 eb 00 31 c0 c3 66
0x00007ff80149719d:   2e 0f 1f 84 00 00 00 00 00 66 2e 0f 1f 84 00 00
0x00007ff8014971ad:   00 00 00 66 2e 0f 1f 84 00 00 00 00 00 66 0f 1f
0x00007ff8014971bd:   44 00 00 48 85 ff 2e 74 72 40 f6 c7 01 2e 75 76
0x00007ff8014971cd:   49 ba f8 ff ff ff ff 7f 00 00 4c 23 17 49 89 f3
0x00007ff8014971dd:   45 23 5a 18 49 c1 e3 04 4d 03 5a 10 49 3b 33 75
0x00007ff8014971ed:   0a 4d 8b 5b 08 4d 31 d3 41 ff e3 49 83 3b 01 76
0x00007ff8014971fd:   13 49 83 c3 10 49 3b 33 75 f1 4d 8b 5b 08 4d 31
0x00007ff80149720d:   d3 41 ff e3 72 70 4d 8b 5b 08 eb 0a 49 83 3b 01
0x00007ff80149721d:   76 13 49 83 c3 10 49 3b 33 75 f1 4d 8b 5b 08 4d
0x00007ff80149722d:   31 d3 41 ff e3 eb 4f 0f 1f 40 00 31 c0 31 d2 0f
0x00007ff80149723d:   57 c0 0f 57 c9 c3 41 89 fb 41 83 e3 0f 4c 8d 15
0x00007ff80149724d:   2f 00 9d 43 4f 8b 14 da 4c 8d 1d fc fe 9c 43 4d
0x00007ff80149725d:   39 d3 0f 85 75 ff ff ff 41 89 fb 41 c1 eb 04 41
0x00007ff80149726d:   81 e3 ff 00 00 00 4c 8d 15 86 00 9d 43 4f 8b 14
0x00007ff80149727d:   da e9 57 ff ff ff e9 88 0a 00 00 66 2e 0f 1f 84
0x00007ff80149728d:   00 00 00 00 00 66 2e 0f 1f 84 00 00 00 00 00 66
0x00007ff80149729d:   2e 0f 1f 84 00 00 00 00 00 66 2e 0f 1f 84 00 00
0x00007ff8014972ad:   00 00 00 66 2e 0f 1f 84 00 00 00 00 00 66 0f 1f
0x00007ff8014972bd:   44 00 00 48 85 ff 2e 74 6a 40 f6 c7 01 2e 75 6b
0x00007ff8014972cd:   49 ba f8 ff ff ff ff 7f 00 00 4c 23 17 49 89 f3 


Stack slot to memory mapping:
stack at sp + 0 slots: 0x00007ff805016be4: -[_NSTrackingAreaAKManager _updateActiveTrackingAreasForWindowLocation:modifierFlags:]+0x1215 in /System/Library/Frameworks/AppKit.framework/Versions/C/AppKit at 0x00007ff804927000
stack at sp + 1 slots: 0x0 is NULL
stack at sp + 2 slots: 0x0 is NULL
stack at sp + 3 slots: 0x407f400000000000 is an unknown value
stack at sp + 4 slots: 0x403c000000000000 is an unknown value
stack at sp + 5 slots: 0xffffffffffffffff: const_jargs+0xfbf22f9f in /Users/rasmus/Library/Java/JavaVirtualMachines/openjdk-17.0.1/Contents/Home/bin/java at 0x00000001040d9000
stack at sp + 6 slots: 0x000000030c6914e0 is pointing into the stack for thread: 0x00007f7ee9021200
stack at sp + 7 slots: 0x00007ff801bab598: countByEnumeratingWithState:objects:count:.const_mu+0 in /System/Library/Frameworks/CoreFoundation.framework/Versions/A/CoreFoundation at 0x00007ff801861000


---------------  P R O C E S S  ---------------

Threads class SMR info:
_java_thread_list=0x0000600001342600, length=16, elements={
0x00007f7ee880d000, 0x00007f7ee880c000, 0x00007f7ee9009c00, 0x00007f7eea009400,
0x00007f7eea008c00, 0x00007f7eea009a00, 0x00007f7eea00a000, 0x00007f7eea00a600,
0x00007f7eea00ac00, 0x00007f7ee8810600, 0x00007f7ee8810c00, 0x00007f7ee9021200,
0x00007f7ee8888400, 0x00007f7eea139600, 0x00007f7eeaba3e00, 0x00007f7eea105e00
}

Java Threads: ( => current thread )
  0x00007f7ee880d000 JavaThread "Reference Handler" daemon [_thread_blocked, id=32071, stack(0x000000030ce2e000,0x000000030cf2e000)]
  0x00007f7ee880c000 JavaThread "Finalizer" daemon [_thread_blocked, id=22275, stack(0x000000030cf31000,0x000000030d031000)]
  0x00007f7ee9009c00 JavaThread "Signal Dispatcher" daemon [_thread_blocked, id=28931, stack(0x000000030d143000,0x000000030d243000)]
  0x00007f7eea009400 JavaThread "Service Thread" daemon [_thread_blocked, id=24579, stack(0x000000030d246000,0x000000030d346000)]
  0x00007f7eea008c00 JavaThread "Monitor Deflation Thread" daemon [_thread_blocked, id=28419, stack(0x000000030d349000,0x000000030d449000)]
  0x00007f7eea009a00 JavaThread "C2 CompilerThread0" daemon [_thread_blocked, id=24835, stack(0x000000030d44c000,0x000000030d54c000)]
  0x00007f7eea00a000 JavaThread "C1 CompilerThread0" daemon [_thread_blocked, id=27907, stack(0x000000030d54f000,0x000000030d64f000)]
  0x00007f7eea00a600 JavaThread "Sweeper thread" daemon [_thread_blocked, id=25603, stack(0x000000030d652000,0x000000030d752000)]
  0x00007f7eea00ac00 JavaThread "Common-Cleaner" daemon [_thread_blocked, id=27155, stack(0x000000030d755000,0x000000030d855000)]
  0x00007f7ee8810600 JavaThread "Monitor Ctrl-Break" daemon [_thread_in_native, id=33063, stack(0x000000030d858000,0x000000030d958000)]
  0x00007f7ee8810c00 JavaThread "Notification Thread" daemon [_thread_blocked, id=43011, stack(0x000000030d95b000,0x000000030da5b000)]
=>0x00007f7ee9021200 JavaThread "AppKit Thread" daemon [_thread_in_native, id=259, stack(0x000000030be96000,0x000000030c696000)]
  0x00007f7ee8888400 JavaThread "LWJGL Application" [_thread_in_native, id=94827, stack(0x000000030e094000,0x000000030e194000)]
  0x00007f7eea139600 JavaThread "DestroyJavaVM" [_thread_blocked, id=9731, stack(0x000000030c719000,0x000000030c819000)]
  0x00007f7eeaba3e00 JavaThread "Attach Listener" daemon [_thread_blocked, id=121459, stack(0x000000030e197000,0x000000030e297000)]
  0x00007f7eea105e00 JavaThread "AWT-Shutdown" [_thread_blocked, id=122891, stack(0x000000030db61000,0x000000030dc61000)]

Other Threads:
  0x00007f7ee990e7c0 VMThread "VM Thread" [stack: 0x000000030cd2b000,0x000000030ce2b000] [id=22019]
  0x00007f7ee98074d0 WatcherThread [stack: 0x000000030da5e000,0x000000030db5e000] [id=33543]
  0x00007f7ee9906b70 GCTaskThread "GC Thread#0" [stack: 0x000000030c81c000,0x000000030c91c000] [id=16643]
  0x00007f7ee9907210 ConcurrentGCThread "G1 Main Marker" [stack: 0x000000030c91f000,0x000000030ca1f000] [id=16899]
  0x00007f7ee9907a90 ConcurrentGCThread "G1 Conc#0" [stack: 0x000000030ca22000,0x000000030cb22000] [id=17667]
  0x00007f7ee990a2f0 ConcurrentGCThread "G1 Refine#0" [stack: 0x000000030cb25000,0x000000030cc25000] [id=18179]
  0x00007f7ee990ab80 ConcurrentGCThread "G1 Service" [stack: 0x000000030cc28000,0x000000030cd28000] [id=20483]

Threads with active compile tasks:

VM state: not at safepoint (normal execution)

VM Mutex/Monitor currently owned by a thread: None

Heap address: 0x0000000780000000, size: 2048 MB, Compressed Oops mode: Zero based, Oop shift amount: 3

CDS archive(s) mapped at: [0x0000000800000000-0x0000000800bd4000-0x0000000800bd4000), size 12402688, SharedBaseAddress: 0x0000000800000000, ArchiveRelocationMode: 0.
Compressed class space mapped at: 0x0000000800c00000-0x0000000840c00000, reserved size: 1073741824
Narrow klass base: 0x0000000800000000, Narrow klass shift: 0, Narrow klass range: 0x100000000

GC Precious Log:
 CPUs: 8 total, 8 available
 Memory: 8192M
 Large Page Support: Disabled
 NUMA Support: Disabled
 Compressed Oops: Enabled (Zero based)
 Heap Region Size: 1M
 Heap Min Capacity: 8M
 Heap Initial Capacity: 128M
 Heap Max Capacity: 2G
 Pre-touch: Disabled
 Parallel Workers: 8
 Concurrent Workers: 2
 Concurrent Refinement Workers: 8
 Periodic GC: Disabled

Heap:
 garbage-first heap   total 133120K, used 11220K [0x0000000780000000, 0x0000000800000000)
  region size 1024K, 12 young (12288K), 0 survivors (0K)
 Metaspace       used 5443K, committed 5632K, reserved 1056768K
  class space    used 427K, committed 512K, reserved 1048576K

Heap Regions: E=young(eden), S=young(survivor), O=old, HS=humongous(starts), HC=humongous(continues), CS=collection set, F=free, OA=open archive, CA=closed archive, TAMS=top-at-mark-start (previous, next)
|   0|0x0000000780000000, 0x0000000780000000, 0x0000000780100000|  0%| F|  |TAMS 0x0000000780000000, 0x0000000780000000| Untracked 
|   1|0x0000000780100000, 0x0000000780100000, 0x0000000780200000|  0%| F|  |TAMS 0x0000000780100000, 0x0000000780100000| Untracked 
|   2|0x0000000780200000, 0x0000000780200000, 0x0000000780300000|  0%| F|  |TAMS 0x0000000780200000, 0x0000000780200000| Untracked 
|   3|0x0000000780300000, 0x0000000780300000, 0x0000000780400000|  0%| F|  |TAMS 0x0000000780300000, 0x0000000780300000| Untracked 
|   4|0x0000000780400000, 0x0000000780400000, 0x0000000780500000|  0%| F|  |TAMS 0x0000000780400000, 0x0000000780400000| Untracked 
|   5|0x0000000780500000, 0x0000000780500000, 0x0000000780600000|  0%| F|  |TAMS 0x0000000780500000, 0x0000000780500000| Untracked 
|   6|0x0000000780600000, 0x0000000780600000, 0x0000000780700000|  0%| F|  |TAMS 0x0000000780600000, 0x0000000780600000| Untracked 
|   7|0x0000000780700000, 0x0000000780700000, 0x0000000780800000|  0%| F|  |TAMS 0x0000000780700000, 0x0000000780700000| Untracked 
|   8|0x0000000780800000, 0x0000000780800000, 0x0000000780900000|  0%| F|  |TAMS 0x0000000780800000, 0x0000000780800000| Untracked 
|   9|0x0000000780900000, 0x0000000780900000, 0x0000000780a00000|  0%| F|  |TAMS 0x0000000780900000, 0x0000000780900000| Untracked 
|  10|0x0000000780a00000, 0x0000000780a00000, 0x0000000780b00000|  0%| F|  |TAMS 0x0000000780a00000, 0x0000000780a00000| Untracked 
|  11|0x0000000780b00000, 0x0000000780b00000, 0x0000000780c00000|  0%| F|  |TAMS 0x0000000780b00000, 0x0000000780b00000| Untracked 
|  12|0x0000000780c00000, 0x0000000780c00000, 0x0000000780d00000|  0%| F|  |TAMS 0x0000000780c00000, 0x0000000780c00000| Untracked 
|  13|0x0000000780d00000, 0x0000000780d00000, 0x0000000780e00000|  0%| F|  |TAMS 0x0000000780d00000, 0x0000000780d00000| Untracked 
|  14|0x0000000780e00000, 0x0000000780e00000, 0x0000000780f00000|  0%| F|  |TAMS 0x0000000780e00000, 0x0000000780e00000| Untracked 
|  15|0x0000000780f00000, 0x0000000780f00000, 0x0000000781000000|  0%| F|  |TAMS 0x0000000780f00000, 0x0000000780f00000| Untracked 
|  16|0x0000000781000000, 0x0000000781000000, 0x0000000781100000|  0%| F|  |TAMS 0x0000000781000000, 0x0000000781000000| Untracked 
|  17|0x0000000781100000, 0x0000000781100000, 0x0000000781200000|  0%| F|  |TAMS 0x0000000781100000, 0x0000000781100000| Untracked 
|  18|0x0000000781200000, 0x0000000781200000, 0x0000000781300000|  0%| F|  |TAMS 0x0000000781200000, 0x0000000781200000| Untracked 
|  19|0x0000000781300000, 0x0000000781300000, 0x0000000781400000|  0%| F|  |TAMS 0x0000000781300000, 0x0000000781300000| Untracked 
|  20|0x0000000781400000, 0x0000000781400000, 0x0000000781500000|  0%| F|  |TAMS 0x0000000781400000, 0x0000000781400000| Untracked 
|  21|0x0000000781500000, 0x0000000781500000, 0x0000000781600000|  0%| F|  |TAMS 0x0000000781500000, 0x0000000781500000| Untracked 
|  22|0x0000000781600000, 0x0000000781600000, 0x0000000781700000|  0%| F|  |TAMS 0x0000000781600000, 0x0000000781600000| Untracked 
|  23|0x0000000781700000, 0x0000000781700000, 0x0000000781800000|  0%| F|  |TAMS 0x0000000781700000, 0x0000000781700000| Untracked 
|  24|0x0000000781800000, 0x0000000781800000, 0x0000000781900000|  0%| F|  |TAMS 0x0000000781800000, 0x0000000781800000| Untracked 
|  25|0x0000000781900000, 0x0000000781900000, 0x0000000781a00000|  0%| F|  |TAMS 0x0000000781900000, 0x0000000781900000| Untracked 
|  26|0x0000000781a00000, 0x0000000781a00000, 0x0000000781b00000|  0%| F|  |TAMS 0x0000000781a00000, 0x0000000781a00000| Untracked 
|  27|0x0000000781b00000, 0x0000000781b00000, 0x0000000781c00000|  0%| F|  |TAMS 0x0000000781b00000, 0x0000000781b00000| Untracked 
|  28|0x0000000781c00000, 0x0000000781c00000, 0x0000000781d00000|  0%| F|  |TAMS 0x0000000781c00000, 0x0000000781c00000| Untracked 
|  29|0x0000000781d00000, 0x0000000781d00000, 0x0000000781e00000|  0%| F|  |TAMS 0x0000000781d00000, 0x0000000781d00000| Untracked 
|  30|0x0000000781e00000, 0x0000000781e00000, 0x0000000781f00000|  0%| F|  |TAMS 0x0000000781e00000, 0x0000000781e00000| Untracked 
|  31|0x0000000781f00000, 0x0000000781f00000, 0x0000000782000000|  0%| F|  |TAMS 0x0000000781f00000, 0x0000000781f00000| Untracked 
|  32|0x0000000782000000, 0x0000000782000000, 0x0000000782100000|  0%| F|  |TAMS 0x0000000782000000, 0x0000000782000000| Untracked 
|  33|0x0000000782100000, 0x0000000782100000, 0x0000000782200000|  0%| F|  |TAMS 0x0000000782100000, 0x0000000782100000| Untracked 
|  34|0x0000000782200000, 0x0000000782200000, 0x0000000782300000|  0%| F|  |TAMS 0x0000000782200000, 0x0000000782200000| Untracked 
|  35|0x0000000782300000, 0x0000000782300000, 0x0000000782400000|  0%| F|  |TAMS 0x0000000782300000, 0x0000000782300000| Untracked 
|  36|0x0000000782400000, 0x0000000782400000, 0x0000000782500000|  0%| F|  |TAMS 0x0000000782400000, 0x0000000782400000| Untracked 
|  37|0x0000000782500000, 0x0000000782500000, 0x0000000782600000|  0%| F|  |TAMS 0x0000000782500000, 0x0000000782500000| Untracked 
|  38|0x0000000782600000, 0x0000000782600000, 0x0000000782700000|  0%| F|  |TAMS 0x0000000782600000, 0x0000000782600000| Untracked 
|  39|0x0000000782700000, 0x0000000782700000, 0x0000000782800000|  0%| F|  |TAMS 0x0000000782700000, 0x0000000782700000| Untracked 
|  40|0x0000000782800000, 0x0000000782800000, 0x0000000782900000|  0%| F|  |TAMS 0x0000000782800000, 0x0000000782800000| Untracked 
|  41|0x0000000782900000, 0x0000000782900000, 0x0000000782a00000|  0%| F|  |TAMS 0x0000000782900000, 0x0000000782900000| Untracked 
|  42|0x0000000782a00000, 0x0000000782a00000, 0x0000000782b00000|  0%| F|  |TAMS 0x0000000782a00000, 0x0000000782a00000| Untracked 
|  43|0x0000000782b00000, 0x0000000782b00000, 0x0000000782c00000|  0%| F|  |TAMS 0x0000000782b00000, 0x0000000782b00000| Untracked 
|  44|0x0000000782c00000, 0x0000000782c00000, 0x0000000782d00000|  0%| F|  |TAMS 0x0000000782c00000, 0x0000000782c00000| Untracked 
|  45|0x0000000782d00000, 0x0000000782d00000, 0x0000000782e00000|  0%| F|  |TAMS 0x0000000782d00000, 0x0000000782d00000| Untracked 
|  46|0x0000000782e00000, 0x0000000782e00000, 0x0000000782f00000|  0%| F|  |TAMS 0x0000000782e00000, 0x0000000782e00000| Untracked 
|  47|0x0000000782f00000, 0x0000000782f00000, 0x0000000783000000|  0%| F|  |TAMS 0x0000000782f00000, 0x0000000782f00000| Untracked 
|  48|0x0000000783000000, 0x0000000783000000, 0x0000000783100000|  0%| F|  |TAMS 0x0000000783000000, 0x0000000783000000| Untracked 
|  49|0x0000000783100000, 0x0000000783100000, 0x0000000783200000|  0%| F|  |TAMS 0x0000000783100000, 0x0000000783100000| Untracked 
|  50|0x0000000783200000, 0x0000000783200000, 0x0000000783300000|  0%| F|  |TAMS 0x0000000783200000, 0x0000000783200000| Untracked 
|  51|0x0000000783300000, 0x0000000783300000, 0x0000000783400000|  0%| F|  |TAMS 0x0000000783300000, 0x0000000783300000| Untracked 
|  52|0x0000000783400000, 0x0000000783400000, 0x0000000783500000|  0%| F|  |TAMS 0x0000000783400000, 0x0000000783400000| Untracked 
|  53|0x0000000783500000, 0x0000000783500000, 0x0000000783600000|  0%| F|  |TAMS 0x0000000783500000, 0x0000000783500000| Untracked 
|  54|0x0000000783600000, 0x0000000783600000, 0x0000000783700000|  0%| F|  |TAMS 0x0000000783600000, 0x0000000783600000| Untracked 
|  55|0x0000000783700000, 0x0000000783700000, 0x0000000783800000|  0%| F|  |TAMS 0x0000000783700000, 0x0000000783700000| Untracked 
|  56|0x0000000783800000, 0x0000000783800000, 0x0000000783900000|  0%| F|  |TAMS 0x0000000783800000, 0x0000000783800000| Untracked 
|  57|0x0000000783900000, 0x0000000783900000, 0x0000000783a00000|  0%| F|  |TAMS 0x0000000783900000, 0x0000000783900000| Untracked 
|  58|0x0000000783a00000, 0x0000000783a00000, 0x0000000783b00000|  0%| F|  |TAMS 0x0000000783a00000, 0x0000000783a00000| Untracked 
|  59|0x0000000783b00000, 0x0000000783b00000, 0x0000000783c00000|  0%| F|  |TAMS 0x0000000783b00000, 0x0000000783b00000| Untracked 
|  60|0x0000000783c00000, 0x0000000783c00000, 0x0000000783d00000|  0%| F|  |TAMS 0x0000000783c00000, 0x0000000783c00000| Untracked 
|  61|0x0000000783d00000, 0x0000000783d00000, 0x0000000783e00000|  0%| F|  |TAMS 0x0000000783d00000, 0x0000000783d00000| Untracked 
|  62|0x0000000783e00000, 0x0000000783e00000, 0x0000000783f00000|  0%| F|  |TAMS 0x0000000783e00000, 0x0000000783e00000| Untracked 
|  63|0x0000000783f00000, 0x0000000783f00000, 0x0000000784000000|  0%| F|  |TAMS 0x0000000783f00000, 0x0000000783f00000| Untracked 
|  64|0x0000000784000000, 0x0000000784000000, 0x0000000784100000|  0%| F|  |TAMS 0x0000000784000000, 0x0000000784000000| Untracked 
|  65|0x0000000784100000, 0x0000000784100000, 0x0000000784200000|  0%| F|  |TAMS 0x0000000784100000, 0x0000000784100000| Untracked 
|  66|0x0000000784200000, 0x0000000784200000, 0x0000000784300000|  0%| F|  |TAMS 0x0000000784200000, 0x0000000784200000| Untracked 
|  67|0x0000000784300000, 0x0000000784300000, 0x0000000784400000|  0%| F|  |TAMS 0x0000000784300000, 0x0000000784300000| Untracked 
|  68|0x0000000784400000, 0x0000000784400000, 0x0000000784500000|  0%| F|  |TAMS 0x0000000784400000, 0x0000000784400000| Untracked 
|  69|0x0000000784500000, 0x0000000784500000, 0x0000000784600000|  0%| F|  |TAMS 0x0000000784500000, 0x0000000784500000| Untracked 
|  70|0x0000000784600000, 0x0000000784600000, 0x0000000784700000|  0%| F|  |TAMS 0x0000000784600000, 0x0000000784600000| Untracked 
|  71|0x0000000784700000, 0x0000000784700000, 0x0000000784800000|  0%| F|  |TAMS 0x0000000784700000, 0x0000000784700000| Untracked 
|  72|0x0000000784800000, 0x0000000784800000, 0x0000000784900000|  0%| F|  |TAMS 0x0000000784800000, 0x0000000784800000| Untracked 
|  73|0x0000000784900000, 0x0000000784900000, 0x0000000784a00000|  0%| F|  |TAMS 0x0000000784900000, 0x0000000784900000| Untracked 
|  74|0x0000000784a00000, 0x0000000784a00000, 0x0000000784b00000|  0%| F|  |TAMS 0x0000000784a00000, 0x0000000784a00000| Untracked 
|  75|0x0000000784b00000, 0x0000000784b00000, 0x0000000784c00000|  0%| F|  |TAMS 0x0000000784b00000, 0x0000000784b00000| Untracked 
|  76|0x0000000784c00000, 0x0000000784c00000, 0x0000000784d00000|  0%| F|  |TAMS 0x0000000784c00000, 0x0000000784c00000| Untracked 
|  77|0x0000000784d00000, 0x0000000784d00000, 0x0000000784e00000|  0%| F|  |TAMS 0x0000000784d00000, 0x0000000784d00000| Untracked 
|  78|0x0000000784e00000, 0x0000000784e00000, 0x0000000784f00000|  0%| F|  |TAMS 0x0000000784e00000, 0x0000000784e00000| Untracked 
|  79|0x0000000784f00000, 0x0000000784f00000, 0x0000000785000000|  0%| F|  |TAMS 0x0000000784f00000, 0x0000000784f00000| Untracked 
|  80|0x0000000785000000, 0x0000000785000000, 0x0000000785100000|  0%| F|  |TAMS 0x0000000785000000, 0x0000000785000000| Untracked 
|  81|0x0000000785100000, 0x0000000785100000, 0x0000000785200000|  0%| F|  |TAMS 0x0000000785100000, 0x0000000785100000| Untracked 
|  82|0x0000000785200000, 0x0000000785200000, 0x0000000785300000|  0%| F|  |TAMS 0x0000000785200000, 0x0000000785200000| Untracked 
|  83|0x0000000785300000, 0x0000000785300000, 0x0000000785400000|  0%| F|  |TAMS 0x0000000785300000, 0x0000000785300000| Untracked 
|  84|0x0000000785400000, 0x0000000785400000, 0x0000000785500000|  0%| F|  |TAMS 0x0000000785400000, 0x0000000785400000| Untracked 
|  85|0x0000000785500000, 0x0000000785500000, 0x0000000785600000|  0%| F|  |TAMS 0x0000000785500000, 0x0000000785500000| Untracked 
|  86|0x0000000785600000, 0x0000000785600000, 0x0000000785700000|  0%| F|  |TAMS 0x0000000785600000, 0x0000000785600000| Untracked 
|  87|0x0000000785700000, 0x0000000785700000, 0x0000000785800000|  0%| F|  |TAMS 0x0000000785700000, 0x0000000785700000| Untracked 
|  88|0x0000000785800000, 0x0000000785800000, 0x0000000785900000|  0%| F|  |TAMS 0x0000000785800000, 0x0000000785800000| Untracked 
|  89|0x0000000785900000, 0x0000000785900000, 0x0000000785a00000|  0%| F|  |TAMS 0x0000000785900000, 0x0000000785900000| Untracked 
|  90|0x0000000785a00000, 0x0000000785a00000, 0x0000000785b00000|  0%| F|  |TAMS 0x0000000785a00000, 0x0000000785a00000| Untracked 
|  91|0x0000000785b00000, 0x0000000785b00000, 0x0000000785c00000|  0%| F|  |TAMS 0x0000000785b00000, 0x0000000785b00000| Untracked 
|  92|0x0000000785c00000, 0x0000000785c00000, 0x0000000785d00000|  0%| F|  |TAMS 0x0000000785c00000, 0x0000000785c00000| Untracked 
|  93|0x0000000785d00000, 0x0000000785d00000, 0x0000000785e00000|  0%| F|  |TAMS 0x0000000785d00000, 0x0000000785d00000| Untracked 
|  94|0x0000000785e00000, 0x0000000785e00000, 0x0000000785f00000|  0%| F|  |TAMS 0x0000000785e00000, 0x0000000785e00000| Untracked 
|  95|0x0000000785f00000, 0x0000000785f00000, 0x0000000786000000|  0%| F|  |TAMS 0x0000000785f00000, 0x0000000785f00000| Untracked 
|  96|0x0000000786000000, 0x0000000786000000, 0x0000000786100000|  0%| F|  |TAMS 0x0000000786000000, 0x0000000786000000| Untracked 
|  97|0x0000000786100000, 0x0000000786100000, 0x0000000786200000|  0%| F|  |TAMS 0x0000000786100000, 0x0000000786100000| Untracked 
|  98|0x0000000786200000, 0x0000000786200000, 0x0000000786300000|  0%| F|  |TAMS 0x0000000786200000, 0x0000000786200000| Untracked 
|  99|0x0000000786300000, 0x0000000786300000, 0x0000000786400000|  0%| F|  |TAMS 0x0000000786300000, 0x0000000786300000| Untracked 
| 100|0x0000000786400000, 0x0000000786400000, 0x0000000786500000|  0%| F|  |TAMS 0x0000000786400000, 0x0000000786400000| Untracked 
| 101|0x0000000786500000, 0x0000000786500000, 0x0000000786600000|  0%| F|  |TAMS 0x0000000786500000, 0x0000000786500000| Untracked 
| 102|0x0000000786600000, 0x0000000786600000, 0x0000000786700000|  0%| F|  |TAMS 0x0000000786600000, 0x0000000786600000| Untracked 
| 103|0x0000000786700000, 0x0000000786700000, 0x0000000786800000|  0%| F|  |TAMS 0x0000000786700000, 0x0000000786700000| Untracked 
| 104|0x0000000786800000, 0x0000000786800000, 0x0000000786900000|  0%| F|  |TAMS 0x0000000786800000, 0x0000000786800000| Untracked 
| 105|0x0000000786900000, 0x0000000786900000, 0x0000000786a00000|  0%| F|  |TAMS 0x0000000786900000, 0x0000000786900000| Untracked 
| 106|0x0000000786a00000, 0x0000000786a00000, 0x0000000786b00000|  0%| F|  |TAMS 0x0000000786a00000, 0x0000000786a00000| Untracked 
| 107|0x0000000786b00000, 0x0000000786b00000, 0x0000000786c00000|  0%| F|  |TAMS 0x0000000786b00000, 0x0000000786b00000| Untracked 
| 108|0x0000000786c00000, 0x0000000786c00000, 0x0000000786d00000|  0%| F|  |TAMS 0x0000000786c00000, 0x0000000786c00000| Untracked 
| 109|0x0000000786d00000, 0x0000000786d00000, 0x0000000786e00000|  0%| F|  |TAMS 0x0000000786d00000, 0x0000000786d00000| Untracked 
| 110|0x0000000786e00000, 0x0000000786e00000, 0x0000000786f00000|  0%| F|  |TAMS 0x0000000786e00000, 0x0000000786e00000| Untracked 
| 111|0x0000000786f00000, 0x0000000786f00000, 0x0000000787000000|  0%| F|  |TAMS 0x0000000786f00000, 0x0000000786f00000| Untracked 
| 112|0x0000000787000000, 0x0000000787000000, 0x0000000787100000|  0%| F|  |TAMS 0x0000000787000000, 0x0000000787000000| Untracked 
| 113|0x0000000787100000, 0x0000000787100000, 0x0000000787200000|  0%| F|  |TAMS 0x0000000787100000, 0x0000000787100000| Untracked 
| 114|0x0000000787200000, 0x0000000787200000, 0x0000000787300000|  0%| F|  |TAMS 0x0000000787200000, 0x0000000787200000| Untracked 
| 115|0x0000000787300000, 0x0000000787300000, 0x0000000787400000|  0%| F|  |TAMS 0x0000000787300000, 0x0000000787300000| Untracked 
| 116|0x0000000787400000, 0x00000007874ec098, 0x0000000787500000| 92%| E|  |TAMS 0x0000000787400000, 0x0000000787400000| Complete 
| 117|0x0000000787500000, 0x0000000787600000, 0x0000000787600000|100%| E|CS|TAMS 0x0000000787500000, 0x0000000787500000| Complete 
| 118|0x0000000787600000, 0x0000000787700000, 0x0000000787700000|100%| E|CS|TAMS 0x0000000787600000, 0x0000000787600000| Complete 
| 119|0x0000000787700000, 0x0000000787800000, 0x0000000787800000|100%| E|CS|TAMS 0x0000000787700000, 0x0000000787700000| Complete 
| 120|0x0000000787800000, 0x0000000787900000, 0x0000000787900000|100%| E|CS|TAMS 0x0000000787800000, 0x0000000787800000| Complete 
| 121|0x0000000787900000, 0x0000000787a00000, 0x0000000787a00000|100%| E|  |TAMS 0x0000000787900000, 0x0000000787900000| Complete 
| 122|0x0000000787a00000, 0x0000000787b00000, 0x0000000787b00000|100%| E|CS|TAMS 0x0000000787a00000, 0x0000000787a00000| Complete 
| 123|0x0000000787b00000, 0x0000000787c00000, 0x0000000787c00000|100%| E|CS|TAMS 0x0000000787b00000, 0x0000000787b00000| Complete 
| 124|0x0000000787c00000, 0x0000000787d00000, 0x0000000787d00000|100%| E|CS|TAMS 0x0000000787c00000, 0x0000000787c00000| Complete 
| 125|0x0000000787d00000, 0x0000000787e00000, 0x0000000787e00000|100%| E|CS|TAMS 0x0000000787d00000, 0x0000000787d00000| Complete 
| 126|0x0000000787e00000, 0x0000000787f00000, 0x0000000787f00000|100%| E|CS|TAMS 0x0000000787e00000, 0x0000000787e00000| Complete 
| 127|0x0000000787f00000, 0x0000000788000000, 0x0000000788000000|100%| E|CS|TAMS 0x0000000787f00000, 0x0000000787f00000| Complete 
|2046|0x00000007ffe00000, 0x00000007ffe76000, 0x00000007fff00000| 46%|OA|  |TAMS 0x00000007ffe00000, 0x00000007ffe00000| Untracked 
|2047|0x00000007fff00000, 0x00000007fff7f000, 0x0000000800000000| 49%|CA|  |TAMS 0x00000007fff00000, 0x00000007fff00000| Untracked 

Card table byte_map: [0x000000010cdfd000,0x000000010d1fd000] _byte_map_base: 0x00000001091fd000

Marking Bits (Prev, Next): (CMBitMap*) 0x00007f7eea82a010, (CMBitMap*) 0x00007f7eea82a050
 Prev Bits: [0x000000012665f000, 0x000000012865f000)
 Next Bits: [0x000000012865f000, 0x000000012a65f000)

Polling page: 0x00000001040f5000

Metaspace:

Usage:
  Non-class:      4.90 MB used.
      Class:    427.73 KB used.
       Both:      5.32 MB used.

Virtual space:
  Non-class space:        8.00 MB reserved,       5.00 MB ( 62%) committed,  1 nodes.
      Class space:        1.00 GB reserved,     512.00 KB ( <1%) committed,  1 nodes.
             Both:        1.01 GB reserved,       5.50 MB ( <1%) committed. 

Chunk freelists:
   Non-Class:  1.91 MB
       Class:  3.51 MB
        Both:  5.42 MB

MaxMetaspaceSize: unlimited
CompressedClassSpaceSize: 1.00 GB
Initial GC threshold: 21.00 MB
Current GC threshold: 21.00 MB
CDS: on
MetaspaceReclaimPolicy: balanced
 - commit_granule_bytes: 65536.
 - commit_granule_words: 8192.
 - virtual_space_node_default_size: 1048576.
 - enlarge_chunks_in_place: 1.
 - new_chunks_are_fully_committed: 0.
 - uncommit_free_chunks: 1.
 - use_allocation_guard: 0.
 - handle_deallocations: 1.


Internal statistics:

num_allocs_failed_limit: 0.
num_arena_births: 52.
num_arena_deaths: 0.
num_vsnodes_births: 2.
num_vsnodes_deaths: 0.
num_space_committed: 86.
num_space_uncommitted: 0.
num_chunks_returned_to_freelist: 0.
num_chunks_taken_from_freelist: 145.
num_chunk_merges: 0.
num_chunk_splits: 101.
num_chunks_enlarged: 73.
num_purges: 0.
num_inconsistent_stats: 0.

CodeHeap 'non-profiled nmethods': size=120028Kb used=288Kb max_used=288Kb free=119740Kb
 bounds [0x000000011f128000, 0x000000011f398000, 0x000000012665f000]
CodeHeap 'profiled nmethods': size=120028Kb used=1720Kb max_used=1720Kb free=118307Kb
 bounds [0x0000000117bf1000, 0x0000000117e61000, 0x000000011f128000]
CodeHeap 'non-nmethods': size=5704Kb used=1228Kb max_used=1247Kb free=4475Kb
 bounds [0x000000011765f000, 0x00000001178cf000, 0x0000000117bf1000]
 total_blobs=1604 nmethods=1055 adapters=464
 compilation: enabled
              stopped_count=0, restarted_count=0
 full_count=0

Compilation events (20 events):
Event: 7.356 Thread 0x00007f7eea00a000 1045   !   3       sun.nio.cs.StreamEncoder::flushBuffer (42 bytes)
Event: 7.356 Thread 0x00007f7eea00a000 nmethod 1045 0x0000000117d9c390 code [0x0000000117d9c580, 0x0000000117d9ca30]
Event: 7.356 Thread 0x00007f7eea00a000 1046  s    3       java.io.BufferedOutputStream::write (67 bytes)
Event: 7.357 Thread 0x00007f7eea00a000 nmethod 1046 0x0000000117d9cc90 code [0x0000000117d9cea0, 0x0000000117d9d610]
Event: 7.358 Thread 0x00007f7eea00a000 1048       3       org.lwjgl.opengl.Display::sync (5 bytes)
Event: 7.358 Thread 0x00007f7eea00a000 nmethod 1048 0x0000000117d9d810 code [0x0000000117d9d9c0, 0x0000000117d9dac0]
Event: 7.370 Thread 0x00007f7eea009a00 1049       4       java.lang.StringUTF16::compress (50 bytes)
Event: 7.378 Thread 0x00007f7eea009a00 nmethod 1049 0x000000011f16f390 code [0x000000011f16f520, 0x000000011f16f8d8]
Event: 7.567 Thread 0x00007f7eea00a000 1050  s    3       com.badlogic.gdx.InputEventQueue::next (162 bytes)
Event: 7.568 Thread 0x00007f7eea00a000 nmethod 1050 0x0000000117d9db90 code [0x0000000117d9dd80, 0x0000000117d9e380]
Event: 7.875 Thread 0x00007f7eea00a000 1051       3       sun.awt.AWTAutoShutdown::notifyToolkitThreadBusy (8 bytes)
Event: 7.876 Thread 0x00007f7eea00a000 nmethod 1051 0x0000000117d9e510 code [0x0000000117d9e6c0, 0x0000000117d9e840]
Event: 7.876 Thread 0x00007f7eea00a000 1052       3       sun.awt.AWTAutoShutdown::notifyToolkitThreadFree (8 bytes)
Event: 7.876 Thread 0x00007f7eea00a000 nmethod 1052 0x0000000117d9e910 code [0x0000000117d9eac0, 0x0000000117d9ec40]
Event: 7.908 Thread 0x00007f7eea00a000 1053       3       java.lang.Object::wait (6 bytes)
Event: 7.909 Thread 0x00007f7eea00a000 nmethod 1053 0x0000000117d9ed10 code [0x0000000117d9eec0, 0x0000000117d9f000]
Event: 8.083 Thread 0x00007f7eea009a00 1054       4       dk.sdu.mmmi.cbse.common.data.GameKeys::isDown (6 bytes)
Event: 8.084 Thread 0x00007f7eea009a00 nmethod 1054 0x000000011f16fa10 code [0x000000011f16fba0, 0x000000011f16fc58]
Event: 8.438 Thread 0x00007f7eea009a00 1055       4       java.nio.Buffer::remaining (20 bytes)
Event: 8.439 Thread 0x00007f7eea009a00 nmethod 1055 0x000000011f16fd10 code [0x000000011f16fe80, 0x000000011f16ff18]

GC Heap History (0 events):
No events

Deoptimization events (20 events):
Event: 0.146 Thread 0x00007f7eeb008200 Uncommon trap: trap_request=0xfffffff4 fr.pc=0x000000011f132b38 relative=0x0000000000000198
Event: 0.146 Thread 0x00007f7eeb008200 Uncommon trap: reason=null_check action=make_not_entrant pc=0x000000011f132b38 method=java.lang.String.equals(Ljava/lang/Object;)Z @ 8 c2
Event: 0.147 Thread 0x00007f7eeb008200 DEOPT PACKING pc=0x000000011f132b38 sp=0x000000030c817670
Event: 0.147 Thread 0x00007f7eeb008200 DEOPT UNPACKING pc=0x00000001176b1093 sp=0x000000030c817638 mode 2
Event: 0.232 Thread 0x00007f7eeb008200 DEOPT PACKING pc=0x0000000117c1cf5a sp=0x000000030c817d70
Event: 0.232 Thread 0x00007f7eeb008200 DEOPT UNPACKING pc=0x00000001176b1810 sp=0x000000030c8171b0 mode 0
Event: 0.242 Thread 0x00007f7eeb008200 DEOPT PACKING pc=0x0000000117c27a6e sp=0x000000030c817350
Event: 0.242 Thread 0x00007f7eeb008200 DEOPT UNPACKING pc=0x00000001176b1810 sp=0x000000030c8167c0 mode 0
Event: 0.285 Thread 0x00007f7eeb008200 DEOPT PACKING pc=0x0000000117bf83ce sp=0x000000030c815da0
Event: 0.285 Thread 0x00007f7eeb008200 DEOPT UNPACKING pc=0x00000001176b1810 sp=0x000000030c815238 mode 0
Event: 0.725 Thread 0x00007f7eeb008200 Uncommon trap: trap_request=0xffffff45 fr.pc=0x000000011f14c5e8 relative=0x00000000000001c8
Event: 0.725 Thread 0x00007f7eeb008200 Uncommon trap: reason=unstable_if action=reinterpret pc=0x000000011f14c5e8 method=java.lang.String.startsWith(Ljava/lang/String;I)Z @ 1 c2
Event: 0.725 Thread 0x00007f7eeb008200 DEOPT PACKING pc=0x000000011f14c5e8 sp=0x000000030c8183e0
Event: 0.725 Thread 0x00007f7eeb008200 DEOPT UNPACKING pc=0x00000001176b1093 sp=0x000000030c818368 mode 2
Event: 0.867 Thread 0x00007f7ee8888400 Uncommon trap: trap_request=0xffffff45 fr.pc=0x000000011f13430c relative=0x000000000000088c
Event: 0.867 Thread 0x00007f7ee8888400 Uncommon trap: reason=unstable_if action=reinterpret pc=0x000000011f13430c method=java.util.HashMap.putVal(ILjava/lang/Object;Ljava/lang/Object;ZZ)Ljava/lang/Object; @ 181 c2
Event: 0.867 Thread 0x00007f7ee8888400 DEOPT PACKING pc=0x000000011f13430c sp=0x000000030e193370
Event: 0.867 Thread 0x00007f7ee8888400 DEOPT UNPACKING pc=0x00000001176b1093 sp=0x000000030e193310 mode 2
Event: 4.216 Thread 0x00007f7ee8888400 DEOPT PACKING pc=0x0000000117d410eb sp=0x000000030e193880
Event: 4.217 Thread 0x00007f7ee8888400 DEOPT UNPACKING pc=0x00000001176b1810 sp=0x000000030e192e28 mode 0

Classes unloaded (0 events):
No events

Classes redefined (0 events):
No events

Internal exceptions (17 events):
Event: 0.146 Thread 0x00007f7eeb008200 Implicit null exception at 0x000000011f1329d5 to 0x000000011f132b28
Event: 0.174 Thread 0x00007f7ee8810600 Exception <a 'java/lang/NoSuchMethodError'{0x0000000787d03238}: 'java.lang.Object java.lang.invoke.DirectMethodHandle$Holder.invokeStaticInit(java.lang.Object)'> (0x0000000787d03238) 
thrown [open/src/hotspot/share/interpreter/linkResolver.cpp, line 766]
Event: 0.184 Thread 0x00007f7ee8810600 Exception <a 'java/lang/NoSuchMethodError'{0x0000000787d11968}: 'void java.lang.invoke.DirectMethodHandle$Holder.invokeStatic(java.lang.Object, java.lang.Object)'> (0x0000000787d11968) 
thrown [open/src/hotspot/share/interpreter/linkResolver.cpp, line 766]
Event: 0.255 Thread 0x00007f7eeb008200 Exception <a 'java/lang/ClassNotFoundException'{0x0000000787cb5f68}: sun/awt/resources/spi/awtProvider> (0x0000000787cb5f68) 
thrown [open/src/hotspot/share/classfile/systemDictionary.cpp, line 256]
Event: 0.290 Thread 0x00007f7eeb008200 Exception <a 'java/io/FileNotFoundException'{0x0000000787b06900}> (0x0000000787b06900) 
thrown [open/src/hotspot/share/prims/jni.cpp, line 516]
Event: 0.309 Thread 0x00007f7eeb008200 Exception <a 'java/io/FileNotFoundException'{0x0000000787b33610}> (0x0000000787b33610) 
thrown [open/src/hotspot/share/prims/jni.cpp, line 516]
Event: 0.313 Thread 0x00007f7eeb008200 Exception <a 'java/lang/ClassNotFoundException'{0x0000000787b373d0}: sun/awt/resources/spi/awtosxProvider> (0x0000000787b373d0) 
thrown [open/src/hotspot/share/classfile/systemDictionary.cpp, line 256]
Event: 0.556 Thread 0x00007f7eeb008200 Exception <a 'java/lang/NoSuchMethodError'{0x0000000787b5e470}: 'java.lang.Object java.lang.invoke.DirectMethodHandle$Holder.invokeInterface(java.lang.Object, java.lang.Object)'> (0x0000000787b5e470) 
thrown [open/src/hotspot/share/interpreter/linkResolver.cpp, line 766]
Event: 0.557 Thread 0x00007f7eeb008200 Exception <a 'java/lang/IncompatibleClassChangeError'{0x0000000787b61d90}: Found class java.lang.Object, but interface was expected> (0x0000000787b61d90) 
thrown [open/src/hotspot/share/interpreter/linkResolver.cpp, line 833]
Event: 0.670 Thread 0x00007f7eeb008200 Exception <a 'org/lwjgl/LWJGLException'{0x0000000787a25958}: Could not load OpenAL library> (0x0000000787a25958) 
thrown [open/src/hotspot/share/prims/jni.cpp, line 535]
Event: 0.670 Thread 0x00007f7eeb008200 Exception <a 'org/lwjgl/LWJGLException'{0x0000000787a25e20}: Could not load OpenAL library> (0x0000000787a25e20) 
thrown [open/src/hotspot/share/prims/jni.cpp, line 535]
Event: 0.670 Thread 0x00007f7eeb008200 Exception <a 'org/lwjgl/LWJGLException'{0x0000000787a262b8}: Could not load OpenAL library> (0x0000000787a262b8) 
thrown [open/src/hotspot/share/prims/jni.cpp, line 535]
Event: 0.670 Thread 0x00007f7eeb008200 Exception <a 'org/lwjgl/LWJGLException'{0x0000000787a26770}: Could not load OpenAL library> (0x0000000787a26770) 
thrown [open/src/hotspot/share/prims/jni.cpp, line 535]
Event: 0.670 Thread 0x00007f7eeb008200 Exception <a 'org/lwjgl/LWJGLException'{0x0000000787a26c20}: Could not load OpenAL library> (0x0000000787a26c20) 
thrown [open/src/hotspot/share/prims/jni.cpp, line 535]
Event: 0.670 Thread 0x00007f7eeb008200 Exception <a 'org/lwjgl/LWJGLException'{0x0000000787a27088}: Could not load OpenAL library> (0x0000000787a27088) 
thrown [open/src/hotspot/share/prims/jni.cpp, line 535]
Event: 0.670 Thread 0x00007f7eeb008200 Exception <a 'org/lwjgl/LWJGLException'{0x0000000787a274d0}: Could not load OpenAL library> (0x0000000787a274d0) 
thrown [open/src/hotspot/share/prims/jni.cpp, line 535]
Event: 0.671 Thread 0x00007f7eeb008200 Exception <a 'org/lwjgl/LWJGLException'{0x0000000787a27a00}: Could not load OpenAL library> (0x0000000787a27a00) 
thrown [open/src/hotspot/share/prims/jni.cpp, line 535]

VM Operations (20 events):
Event: 0.172 Executing VM operation: HandshakeAllThreads
Event: 0.172 Executing VM operation: HandshakeAllThreads done
Event: 0.207 Executing VM operation: HandshakeAllThreads
Event: 0.207 Executing VM operation: HandshakeAllThreads done
Event: 1.019 Executing VM operation: Cleanup
Event: 1.021 Executing VM operation: Cleanup done
Event: 2.025 Executing VM operation: Cleanup
Event: 2.025 Executing VM operation: Cleanup done
Event: 3.030 Executing VM operation: Cleanup
Event: 3.030 Executing VM operation: Cleanup done
Event: 4.034 Executing VM operation: Cleanup
Event: 4.034 Executing VM operation: Cleanup done
Event: 5.035 Executing VM operation: Cleanup
Event: 5.035 Executing VM operation: Cleanup done
Event: 6.040 Executing VM operation: Cleanup
Event: 6.041 Executing VM operation: Cleanup done
Event: 7.041 Executing VM operation: Cleanup
Event: 7.042 Executing VM operation: Cleanup done
Event: 8.042 Executing VM operation: Cleanup
Event: 8.043 Executing VM operation: Cleanup done

Events (20 events):
Event: 1.146 loading class sun/util/resources/TimeZoneNames_en
Event: 1.146 loading class sun/util/resources/TimeZoneNames_en done
Event: 2.782 loading class sun/awt/AppContext
Event: 2.783 loading class sun/awt/AppContext done
Event: 2.785 loading class sun/awt/AppContext$GetAppContextLock
Event: 2.785 loading class sun/awt/AppContext$GetAppContextLock done
Event: 2.785 loading class sun/awt/AppContext$6
Event: 2.785 loading class jdk/internal/access/JavaAWTAccess
Event: 2.785 loading class jdk/internal/access/JavaAWTAccess done
Event: 2.785 loading class sun/awt/AppContext$6 done
Event: 2.786 loading class java/util/IdentityHashMap$ValueIterator
Event: 2.786 loading class java/util/IdentityHashMap$ValueIterator done
Event: 2.786 Protecting memory [0x000000030db61000,0x000000030db65000] with protection modes 3
Event: 2.786 Thread 0x00007f7eea105e00 Thread exited: 0x00007f7eea105e00
Event: 3.939 Thread 0x00007f7ee8a17400 Thread added: 0x00007f7ee8a17400
Event: 3.939 Protecting memory [0x000000030db61000,0x000000030db65000] with protection modes 0
Event: 5.134 Protecting memory [0x000000030db61000,0x000000030db65000] with protection modes 3
Event: 5.134 Thread 0x00007f7ee8a17400 Thread exited: 0x00007f7ee8a17400
Event: 5.490 Thread 0x00007f7eea105e00 Thread added: 0x00007f7eea105e00
Event: 5.490 Protecting memory [0x000000030db61000,0x000000030db65000] with protection modes 0


Dynamic libraries:
0x000000010c6ad000 	/Users/rasmus/Library/Java/JavaVirtualMachines/openjdk-17.0.1/Contents/Home/lib/libjli.dylib
0x00007ff80d8a0000 	/usr/lib/libz.1.dylib
0x00007ff80d98a000 	/usr/lib/libSystem.B.dylib
0x00007ff80d985000 	/usr/lib/system/libcache.dylib
0x00007ff80d940000 	/usr/lib/system/libcommonCrypto.dylib
0x00007ff80d969000 	/usr/lib/system/libcompiler_rt.dylib
0x00007ff80d95f000 	/usr/lib/system/libcopyfile.dylib
0x00007ff8015bf000 	/usr/lib/system/libcorecrypto.dylib
0x00007ff801683000 	/usr/lib/system/libdispatch.dylib
0x00007ff80180b000 	/usr/lib/system/libdyld.dylib
0x00007ff80d97b000 	/usr/lib/system/libkeymgr.dylib
0x00007ff80d91f000 	/usr/lib/system/libmacho.dylib
0x00007ff80cf03000 	/usr/lib/system/libquarantine.dylib
0x00007ff80d979000 	/usr/lib/system/libremovefile.dylib
0x00007ff806402000 	/usr/lib/system/libsystem_asl.dylib
0x00007ff801561000 	/usr/lib/system/libsystem_blocks.dylib
0x00007ff8016cd000 	/usr/lib/system/libsystem_c.dylib
0x00007ff80d971000 	/usr/lib/system/libsystem_collections.dylib
0x00007ff80c1fb000 	/usr/lib/system/libsystem_configuration.dylib
0x00007ff80b26c000 	/usr/lib/system/libsystem_containermanager.dylib
0x00007ff80d5e1000 	/usr/lib/system/libsystem_coreservices.dylib
0x00007ff804483000 	/usr/lib/system/libsystem_darwin.dylib
0x00007ff80d97c000 	/usr/lib/system/libsystem_dnssd.dylib
0x00007ff8016ca000 	/usr/lib/system/libsystem_featureflags.dylib
0x00007ff801836000 	/usr/lib/system/libsystem_info.dylib
0x00007ff80d8b3000 	/usr/lib/system/libsystem_m.dylib
0x00007ff801656000 	/usr/lib/system/libsystem_malloc.dylib
0x00007ff806391000 	/usr/lib/system/libsystem_networkextension.dylib
0x00007ff8048c8000 	/usr/lib/system/libsystem_notify.dylib
0x00007ff80c1ff000 	/usr/lib/system/libsystem_sandbox.dylib
0x00007ff80d976000 	/usr/lib/system/libsystem_secinit.dylib
0x00007ff8017c5000 	/usr/lib/system/libsystem_kernel.dylib
0x00007ff80182c000 	/usr/lib/system/libsystem_platform.dylib
0x00007ff8017ff000 	/usr/lib/system/libsystem_pthread.dylib
0x00007ff807e52000 	/usr/lib/system/libsystem_symptoms.dylib
0x00007ff8015a5000 	/usr/lib/system/libsystem_trace.dylib
0x00007ff80d94c000 	/usr/lib/system/libunwind.dylib
0x00007ff801565000 	/usr/lib/system/libxpc.dylib
0x00007ff8017af000 	/usr/lib/libc++abi.dylib
0x00007ff801490000 	/usr/lib/libobjc.A.dylib
0x00007ff80d957000 	/usr/lib/liboah.dylib
0x00007ff801756000 	/usr/lib/libc++.1.dylib
0x00007ff819dcc000 	/System/Library/Frameworks/Cocoa.framework/Versions/A/Cocoa
0x00007ff804927000 	/System/Library/Frameworks/AppKit.framework/Versions/C/AppKit
0x00007ff8075de000 	/System/Library/Frameworks/CoreData.framework/Versions/A/CoreData
0x00007ff802614000 	/System/Library/Frameworks/Foundation.framework/Versions/C/Foundation
0x00007ff80592f000 	/System/Library/PrivateFrameworks/UIFoundation.framework/Versions/A/UIFoundation
0x00007ffb01932000 	/System/Library/PrivateFrameworks/CollectionViewCore.framework/Versions/A/CollectionViewCore
0x00007ff813dcb000 	/System/Library/PrivateFrameworks/RemoteViewServices.framework/Versions/A/RemoteViewServices
0x00007ff80ba44000 	/System/Library/PrivateFrameworks/XCTTargetBootstrap.framework/Versions/A/XCTTargetBootstrap
0x00007ff80f8b7000 	/System/Library/PrivateFrameworks/InternationalSupport.framework/Versions/A/InternationalSupport
0x00007ff80f940000 	/System/Library/PrivateFrameworks/UserActivity.framework/Versions/A/UserActivity
0x00007ffb17b98000 	/System/Library/PrivateFrameworks/WindowManagement.framework/Versions/A/WindowManagement
0x00007ff802300000 	/System/Library/Frameworks/SystemConfiguration.framework/Versions/A/SystemConfiguration
0x00007ff80ecb5000 	/usr/lib/libspindump.dylib
0x00007ff805afd000 	/System/Library/Frameworks/UniformTypeIdentifiers.framework/Versions/A/UniformTypeIdentifiers
0x00007ff809f24000 	/usr/lib/libapp_launch_measurement.dylib
0x00007ff808b99000 	/System/Library/PrivateFrameworks/CoreAnalytics.framework/Versions/A/CoreAnalytics
0x00007ff809f27000 	/System/Library/PrivateFrameworks/CoreAutoLayout.framework/Versions/A/CoreAutoLayout
0x00007ff80b2b8000 	/System/Library/Frameworks/Metal.framework/Versions/A/Metal
0x00007ff80c20a000 	/usr/lib/liblangid.dylib
0x00007ff80ba49000 	/System/Library/PrivateFrameworks/CoreSVG.framework/Versions/A/CoreSVG
0x00007ff806434000 	/System/Library/PrivateFrameworks/SkyLight.framework/Versions/A/SkyLight
0x00007ff80681e000 	/System/Library/Frameworks/CoreGraphics.framework/Versions/A/CoreGraphics
0x00007ff81449d000 	/System/Library/Frameworks/Accelerate.framework/Versions/A/Accelerate
0x00007ff80e72a000 	/System/Library/PrivateFrameworks/IconServices.framework/Versions/A/IconServices
0x00007ff80b29b000 	/System/Library/Frameworks/IOSurface.framework/Versions/A/IOSurface
0x00007ff808bc3000 	/usr/lib/libDiagnosticMessagesClient.dylib
0x00007ff8179e5000 	/System/Library/Frameworks/ApplicationServices.framework/Versions/A/ApplicationServices
0x00007ff80ba30000 	/System/Library/PrivateFrameworks/DFRFoundation.framework/Versions/A/DFRFoundation
0x00007ff8041ef000 	/usr/lib/libicucore.A.dylib
0x00007ff810759000 	/System/Library/Frameworks/AudioToolbox.framework/Versions/A/AudioToolbox
0x00007ff80f8c2000 	/System/Library/PrivateFrameworks/DataDetectorsCore.framework/Versions/A/DataDetectorsCore
0x00007ff90909e000 	/System/Library/PrivateFrameworks/TextInput.framework/Versions/A/TextInput
0x00007ff8063a9000 	/usr/lib/libMobileGestalt.dylib
0x00007ff80b738000 	/System/Library/Frameworks/Carbon.framework/Versions/A/Frameworks/HIToolbox.framework/Versions/A/HIToolbox
0x00007ff8098c6000 	/System/Library/Frameworks/QuartzCore.framework/Versions/A/QuartzCore
0x00007ff803e6e000 	/System/Library/Frameworks/Security.framework/Versions/A/Security
0x00007ff813e03000 	/System/Library/Frameworks/Carbon.framework/Versions/A/Frameworks/SpeechRecognition.framework/Versions/A/SpeechRecognition
0x00007ff809c64000 	/System/Library/PrivateFrameworks/CoreUI.framework/Versions/A/CoreUI
0x00007ff803750000 	/System/Library/Frameworks/CoreAudio.framework/Versions/A/CoreAudio
0x00007ff808c9d000 	/System/Library/Frameworks/DiskArbitration.framework/Versions/A/DiskArbitration
0x00007ff80f0d2000 	/System/Library/PrivateFrameworks/MultitouchSupport.framework/Versions/A/MultitouchSupport
0x00007ff8063a8000 	/usr/lib/libenergytrace.dylib
0x00007ff804809000 	/System/Library/Frameworks/IOKit.framework/Versions/A/IOKit
0x00007ff8141fc000 	/System/Library/Frameworks/CoreServices.framework/Versions/A/CoreServices
0x00007ff809ebc000 	/System/Library/PrivateFrameworks/PerformanceAnalysis.framework/Versions/A/PerformanceAnalysis
0x00007ffa178e4000 	/System/Library/Frameworks/OpenGL.framework/Versions/A/OpenGL
0x00007ff809f6f000 	/usr/lib/libxml2.2.dylib
0x00007ff80ce16000 	/System/Library/PrivateFrameworks/MobileKeyBag.framework/Versions/A/MobileKeyBag
0x00007ff807040000 	/System/Library/Frameworks/ColorSync.framework/Versions/A/ColorSync
0x00007ff801861000 	/System/Library/Frameworks/CoreFoundation.framework/Versions/A/CoreFoundation
0x00007ff80bde7000 	/System/Library/Frameworks/CoreImage.framework/Versions/A/CoreImage
0x00007ff803561000 	/System/Library/Frameworks/CoreText.framework/Versions/A/CoreText
0x00007ff80ba84000 	/System/Library/Frameworks/ImageIO.framework/Versions/A/ImageIO
0x00007ff80d990000 	/System/Library/PrivateFrameworks/SoftLinking.framework/Versions/A/SoftLinking
0x00007ff80dc10000 	/usr/lib/libcompression.dylib
0x00007ff80f7e9000 	/System/Library/PrivateFrameworks/TextureIO.framework/Versions/A/TextureIO
0x00007ff80e35a000 	/usr/lib/libate.dylib
0x00007ff80e0eb000 	/usr/lib/liblzma.5.dylib
0x00007ff80d98c000 	/usr/lib/libfakelink.dylib
0x00007ff805feb000 	/System/Library/Frameworks/CFNetwork.framework/Versions/A/CFNetwork
0x00007ff80dac9000 	/usr/lib/libarchive.2.dylib
0x00007ff8120a4000 	/System/Library/Frameworks/Combine.framework/Versions/A/Combine
0x00007ff8101d1000 	/usr/lib/swift/libswiftCore.dylib
0x00007ff9060ea000 	/usr/lib/swift/libswiftCoreFoundation.dylib
0x00007ff9040c3000 	/usr/lib/swift/libswiftDarwin.dylib
0x00007ff815a19000 	/usr/lib/swift/libswiftDispatch.dylib
0x00007ff906106000 	/usr/lib/swift/libswiftIOKit.dylib
0x00007ff817e1a000 	/usr/lib/swift/libswiftObjectiveC.dylib
0x00007ff9060fb000 	/usr/lib/swift/libswiftXPC.dylib
0x00007ffb1e46d000 	/usr/lib/swift/libswift_Concurrency.dylib
0x00007ffb1e5ac000 	/usr/lib/swift/libswift_StringProcessing.dylib
0x00007ff817e1e000 	/usr/lib/swift/libswiftos.dylib
0x00007ff80478a000 	/System/Library/PrivateFrameworks/CoreServicesInternal.framework/Versions/A/CoreServicesInternal
0x00007ff80cf2a000 	/usr/lib/libbsm.0.dylib
0x00007ff80d924000 	/usr/lib/system/libkxld.dylib
0x00007ff809ef0000 	/System/Library/Frameworks/CoreServices.framework/Versions/A/Frameworks/FSEvents.framework/Versions/A/FSEvents
0x00007ff80448e000 	/System/Library/Frameworks/CoreServices.framework/Versions/A/Frameworks/CarbonCore.framework/Versions/A/CarbonCore
0x00007ff808c06000 	/System/Library/Frameworks/CoreServices.framework/Versions/A/Frameworks/Metadata.framework/Versions/A/Metadata
0x00007ff80d5e7000 	/System/Library/Frameworks/CoreServices.framework/Versions/A/Frameworks/OSServices.framework/Versions/A/OSServices
0x00007ff80db51000 	/System/Library/Frameworks/CoreServices.framework/Versions/A/Frameworks/SearchKit.framework/Versions/A/SearchKit
0x00007ff807dd9000 	/System/Library/Frameworks/CoreServices.framework/Versions/A/Frameworks/AE.framework/Versions/A/AE
0x00007ff801cf9000 	/System/Library/Frameworks/CoreServices.framework/Versions/A/Frameworks/LaunchServices.framework/Versions/A/LaunchServices
0x00007ff80e09c000 	/System/Library/Frameworks/CoreServices.framework/Versions/A/Frameworks/DictionaryServices.framework/Versions/A/DictionaryServices
0x00007ff809efd000 	/System/Library/Frameworks/CoreServices.framework/Versions/A/Frameworks/SharedFileList.framework/Versions/A/SharedFileList
0x00007ff80dbdd000 	/usr/lib/libapple_nghttp2.dylib
0x00007ff805fe7000 	/usr/lib/libnetwork.dylib
0x00007ff807a57000 	/usr/lib/libsqlite3.dylib
0x00007ff807e5a000 	/System/Library/Frameworks/Network.framework/Versions/A/Network
0x00007ffb1d45c000 	/usr/lib/libCoreEntitlements.dylib
0x00007ffb0aded000 	/System/Library/PrivateFrameworks/MessageSecurity.framework/Versions/A/MessageSecurity
0x00007ff807a3e000 	/System/Library/PrivateFrameworks/ProtocolBuffer.framework/Versions/A/ProtocolBuffer
0x00007ff80d5c1000 	/System/Library/PrivateFrameworks/AppleFSCompression.framework/Versions/A/AppleFSCompression
0x00007ff80cf12000 	/usr/lib/libcoretls.dylib
0x00007ff80e105000 	/usr/lib/libcoretls_cfhelpers.dylib
0x00007ff80dc0a000 	/usr/lib/libpam.2.dylib
0x00007ff80e172000 	/usr/lib/libxar.1.dylib
0x00007ff80e706000 	/usr/lib/libheimdal-asn1.dylib
0x00007ff80d991000 	/usr/lib/libpcap.A.dylib
0x00007ff807e49000 	/usr/lib/libdns_services.dylib
0x00007ff80c206000 	/System/Library/PrivateFrameworks/AppleSystemInfo.framework/Versions/A/AppleSystemInfo
0x00007ff80cc1f000 	/System/Library/PrivateFrameworks/IOMobileFramebuffer.framework/Versions/A/IOMobileFramebuffer
0x00007ff80d5d1000 	/usr/lib/libbz2.1.0.dylib
0x00007ff80cf06000 	/usr/lib/libCheckFix.dylib
0x00007ff806419000 	/System/Library/PrivateFrameworks/TCC.framework/Versions/A/TCC
0x00007ff80c20c000 	/System/Library/PrivateFrameworks/CoreNLP.framework/Versions/A/CoreNLP
0x00007ff808bc5000 	/System/Library/PrivateFrameworks/MetadataUtilities.framework/Versions/A/MetadataUtilities
0x00007ff80cf3a000 	/usr/lib/libmecab.dylib
0x00007ff80237f000 	/usr/lib/libCRFSuite.dylib
0x00007ff80cf94000 	/usr/lib/libgermantok.dylib
0x00007ff80dbb8000 	/usr/lib/libThaiTokenizer.dylib
0x00007ff808ca5000 	/System/Library/Frameworks/Accelerate.framework/Versions/A/Frameworks/vImage.framework/Versions/A/vImage
0x00007ff8141cf000 	/System/Library/Frameworks/Accelerate.framework/Versions/A/Frameworks/vecLib.framework/Versions/A/vecLib
0x00007ff80e1b4000 	/System/Library/Frameworks/Accelerate.framework/Versions/A/Frameworks/vecLib.framework/Versions/A/libvMisc.dylib
0x00007ff80ca1a000 	/System/Library/Frameworks/Accelerate.framework/Versions/A/Frameworks/vecLib.framework/Versions/A/libvDSP.dylib
0x00007ff8020b5000 	/System/Library/Frameworks/Accelerate.framework/Versions/A/Frameworks/vecLib.framework/Versions/A/libBLAS.dylib
0x00007ff80dcef000 	/System/Library/Frameworks/Accelerate.framework/Versions/A/Frameworks/vecLib.framework/Versions/A/libLAPACK.dylib
0x00007ff80cf97000 	/System/Library/Frameworks/Accelerate.framework/Versions/A/Frameworks/vecLib.framework/Versions/A/libLinearAlgebra.dylib
0x00007ff80dbf5000 	/System/Library/Frameworks/Accelerate.framework/Versions/A/Frameworks/vecLib.framework/Versions/A/libSparseBLAS.dylib
0x00007ff80dce9000 	/System/Library/Frameworks/Accelerate.framework/Versions/A/Frameworks/vecLib.framework/Versions/A/libQuadrature.dylib
0x00007ff80c2f8000 	/System/Library/Frameworks/Accelerate.framework/Versions/A/Frameworks/vecLib.framework/Versions/A/libBNNS.dylib
0x00007ff802289000 	/System/Library/Frameworks/Accelerate.framework/Versions/A/Frameworks/vecLib.framework/Versions/A/libSparse.dylib
0x00007ffb0a0ec000 	/System/Library/PrivateFrameworks/MIL.framework/Versions/A/MIL
0x00007ff80d9c6000 	/usr/lib/libiconv.2.dylib
0x00007ff80d91e000 	/usr/lib/libcharset.1.dylib
0x00007ff809ed4000 	/System/Library/Frameworks/OpenDirectory.framework/Versions/A/Frameworks/CFOpenDirectory.framework/Versions/A/CFOpenDirectory
0x00007ff809ec8000 	/System/Library/Frameworks/OpenDirectory.framework/Versions/A/OpenDirectory
0x00007ff80e107000 	/System/Library/PrivateFrameworks/APFS.framework/Versions/A/APFS
0x00007ff80ce49000 	/System/Library/Frameworks/SecurityFoundation.framework/Versions/A/SecurityFoundation
0x00007ff80e180000 	/usr/lib/libutil.dylib
0x00007ffb0928a000 	/System/Library/PrivateFrameworks/InstalledContentLibrary.framework/Versions/A/InstalledContentLibrary
0x00007ff8047cd000 	/System/Library/PrivateFrameworks/CoreServicesStore.framework/Versions/A/CoreServicesStore
0x00007ffa204cf000 	/System/Library/PrivateFrameworks/AppleMobileFileIntegrity.framework/Versions/A/AppleMobileFileIntegrity
0x00007ff9060ca000 	/usr/lib/libmis.dylib
0x00007ff9146bb000 	/System/Library/PrivateFrameworks/MobileSystemServices.framework/Versions/A/MobileSystemServices
0x00007ffa0e7f0000 	/System/Library/PrivateFrameworks/ConfigProfileHelper.framework/Versions/A/ConfigProfileHelper
0x00007ff80dbba000 	/System/Library/PrivateFrameworks/AppleSauce.framework/Versions/A/AppleSauce
0x00007ff803026000 	/System/Library/PrivateFrameworks/LanguageModeling.framework/Versions/A/LanguageModeling
0x00007ff80e184000 	/usr/lib/libxslt.1.dylib
0x00007ff80dab8000 	/usr/lib/libcmph.dylib
0x00007ff80cc0d000 	/System/Library/PrivateFrameworks/CoreEmoji.framework/Versions/A/CoreEmoji
0x00007ff80c2f2000 	/System/Library/PrivateFrameworks/LinguisticData.framework/Versions/A/LinguisticData
0x00007ff80223f000 	/System/Library/PrivateFrameworks/Lexicon.framework/Versions/A/Lexicon
0x00007ff80ced7000 	/System/Library/PrivateFrameworks/BackgroundTaskManagement.framework/Versions/A/BackgroundTaskManagement
0x00007ffb1d592000 	/usr/lib/libTLE.dylib
0x00007ffb1e4f1000 	/usr/lib/swift/libswift_RegexParser.dylib
0x00007ff80ef9c000 	/System/Library/PrivateFrameworks/AppleJPEG.framework/Versions/A/AppleJPEG
0x00007ff80e6eb000 	/usr/lib/libexpat.1.dylib
0x00007ff80f646000 	/System/Library/Frameworks/ImageIO.framework/Versions/A/Resources/libPng.dylib
0x00007ff80f673000 	/System/Library/Frameworks/ImageIO.framework/Versions/A/Resources/libTIFF.dylib
0x00007ff80f763000 	/System/Library/Frameworks/ImageIO.framework/Versions/A/Resources/libGIF.dylib
0x00007ff80efe7000 	/System/Library/Frameworks/ImageIO.framework/Versions/A/Resources/libJP2.dylib
0x00007ff80f703000 	/System/Library/Frameworks/ImageIO.framework/Versions/A/Resources/libJPEG.dylib
0x00007ff80f6fa000 	/System/Library/Frameworks/ImageIO.framework/Versions/A/Resources/libRadiance.dylib
0x00007ff80b5ce000 	/System/Library/PrivateFrameworks/FontServices.framework/libFontParser.dylib
0x00007ff807d7e000 	/System/Library/PrivateFrameworks/RunningBoardServices.framework/Versions/A/RunningBoardServices
0x00007ff81a409000 	/System/Library/PrivateFrameworks/IOSurfaceAccelerator.framework/Versions/A/IOSurfaceAccelerator
0x00007ff80f0ce000 	/System/Library/PrivateFrameworks/WatchdogClient.framework/Versions/A/WatchdogClient
0x00007ff803188000 	/System/Library/Frameworks/CoreDisplay.framework/Versions/A/CoreDisplay
0x00007ff80b4bd000 	/System/Library/Frameworks/CoreMedia.framework/Versions/A/CoreMedia
0x00007ff80b2af000 	/System/Library/PrivateFrameworks/IOAccelerator.framework/Versions/A/IOAccelerator
0x00007ff80a04e000 	/System/Library/Frameworks/CoreVideo.framework/Versions/A/CoreVideo
0x00007ff80dc08000 	/System/Library/Frameworks/MetalPerformanceShaders.framework/Versions/A/MetalPerformanceShaders
0x00007ff80f10b000 	/System/Library/Frameworks/VideoToolbox.framework/Versions/A/VideoToolbox
0x00007ff807cc2000 	/System/Library/PrivateFrameworks/BaseBoard.framework/Versions/A/BaseBoard
0x00007ff80f6f3000 	/System/Library/PrivateFrameworks/GPUWrangler.framework/Versions/A/GPUWrangler
0x00007ff80f6d7000 	/System/Library/PrivateFrameworks/IOPresentment.framework/Versions/A/IOPresentment
0x00007ff80f6fd000 	/System/Library/PrivateFrameworks/DSExternalDisplay.framework/Versions/A/DSExternalDisplay
0x00007ffb0591e000 	/System/Library/PrivateFrameworks/GPUCompiler.framework/Versions/31001/Libraries/libllvm-flatbuffers.dylib
0x00007ffa178d8000 	/System/Library/Frameworks/OpenGL.framework/Versions/A/Libraries/libCoreFSCache.dylib
0x00007ffb0591a000 	/System/Library/PrivateFrameworks/GPUCompiler.framework/Versions/31001/Libraries/libGPUCompilerUtils.dylib
0x00007ff80f769000 	/System/Library/PrivateFrameworks/CMCaptureCore.framework/Versions/A/CMCaptureCore
0x00007ffa1aacf000 	/System/Library/Frameworks/ExtensionFoundation.framework/Versions/A/ExtensionFoundation
0x00007ff816195000 	/System/Library/PrivateFrameworks/CoreTime.framework/Versions/A/CoreTime
0x00007ff80ec9f000 	/System/Library/PrivateFrameworks/AppServerSupport.framework/Versions/A/AppServerSupport
0x00007ff811024000 	/System/Library/PrivateFrameworks/perfdata.framework/Versions/A/perfdata
0x00007ff8032b4000 	/System/Library/PrivateFrameworks/AudioToolboxCore.framework/Versions/A/AudioToolboxCore
0x00007ff80b497000 	/System/Library/PrivateFrameworks/caulk.framework/Versions/A/caulk
0x00007ff8108f1000 	/usr/lib/libAudioStatistics.dylib
0x00007ff905566000 	/System/Library/PrivateFrameworks/SystemPolicy.framework/Versions/A/SystemPolicy
0x00007ff810b8f000 	/usr/lib/libSMC.dylib
0x00007ff819c71000 	/System/Library/Frameworks/CoreMIDI.framework/Versions/A/CoreMIDI
0x00007ff80f614000 	/usr/lib/libAudioToolboxUtility.dylib
0x00007ff81f194000 	/System/Library/PrivateFrameworks/OSAServicesClient.framework/Versions/A/OSAServicesClient
0x00007ff811031000 	/usr/lib/libperfcheck.dylib
0x00007ff80e5cf000 	/System/Library/PrivateFrameworks/PlugInKit.framework/Versions/A/PlugInKit
0x00007ff80ce3c000 	/System/Library/PrivateFrameworks/AssertionServices.framework/Versions/A/AssertionServices
0x00007ffa17933000 	/System/Library/Frameworks/OpenGL.framework/Versions/A/Libraries/libGLU.dylib
0x00007ffa178f7000 	/System/Library/Frameworks/OpenGL.framework/Versions/A/Libraries/libGFXShared.dylib
0x00007ffa17b00000 	/System/Library/Frameworks/OpenGL.framework/Versions/A/Libraries/libGL.dylib
0x00007ffa17900000 	/System/Library/Frameworks/OpenGL.framework/Versions/A/Libraries/libGLImage.dylib
0x00007ffa178f4000 	/System/Library/Frameworks/OpenGL.framework/Versions/A/Libraries/libCVMSPluginSupport.dylib
0x00007ffb1d571000 	/usr/lib/libRosetta.dylib
0x00007ffa178df000 	/System/Library/Frameworks/OpenGL.framework/Versions/A/Libraries/libCoreVMClient.dylib
0x00007ff80c17f000 	/System/Library/Frameworks/MetalPerformanceShaders.framework/Versions/A/Frameworks/MPSCore.framework/Versions/A/MPSCore
0x00007ff80d52b000 	/System/Library/Frameworks/MetalPerformanceShaders.framework/Versions/A/Frameworks/MPSImage.framework/Versions/A/MPSImage
0x00007ff80cfad000 	/System/Library/Frameworks/MetalPerformanceShaders.framework/Versions/A/Frameworks/MPSNeuralNetwork.framework/Versions/A/MPSNeuralNetwork
0x00007ff80d420000 	/System/Library/Frameworks/MetalPerformanceShaders.framework/Versions/A/Frameworks/MPSMatrix.framework/Versions/A/MPSMatrix
0x00007ff80d1db000 	/System/Library/Frameworks/MetalPerformanceShaders.framework/Versions/A/Frameworks/MPSRayIntersector.framework/Versions/A/MPSRayIntersector
0x00007ff80d45a000 	/System/Library/Frameworks/MetalPerformanceShaders.framework/Versions/A/Frameworks/MPSNDArray.framework/Versions/A/MPSNDArray
0x00007ffa1be3a000 	/System/Library/Frameworks/MetalPerformanceShaders.framework/Versions/A/Frameworks/MPSFunctions.framework/Versions/A/MPSFunctions
0x00007ff801f76000 	/System/Library/PrivateFrameworks/MetalTools.framework/Versions/A/MetalTools
0x00007ff80c205000 	/System/Library/PrivateFrameworks/AggregateDictionary.framework/Versions/A/AggregateDictionary
0x00007ff80e48a000 	/usr/lib/libIOReport.dylib
0x00007ffa185c7000 	/System/Library/Frameworks/OpenCL.framework/Versions/A/OpenCL
0x00007ff80e831000 	/System/Library/PrivateFrameworks/GraphVisualizer.framework/Versions/A/GraphVisualizer
0x00007ffb0581f000 	/System/Library/PrivateFrameworks/FontServices.framework/Versions/A/FontServices
0x00007ff80ec5a000 	/System/Library/PrivateFrameworks/OTSVG.framework/Versions/A/OTSVG
0x00007ff809c18000 	/System/Library/Frameworks/ApplicationServices.framework/Versions/A/Frameworks/ATS.framework/Versions/A/Resources/libFontRegistry.dylib
0x00007ff80eca9000 	/System/Library/PrivateFrameworks/FontServices.framework/libhvf.dylib
0x00007ffb05820000 	/System/Library/PrivateFrameworks/FontServices.framework/libXTFontStaticRegistryData.dylib
0x00007ffb16a51000 	/System/Library/PrivateFrameworks/VideoToolboxParavirtualizationSupport.framework/Versions/A/VideoToolboxParavirtualizationSupport
0x00007ff80e69b000 	/System/Library/PrivateFrameworks/AppleVA.framework/Versions/A/AppleVA
0x00007ff810931000 	/System/Library/Frameworks/ApplicationServices.framework/Versions/A/Frameworks/ATS.framework/Versions/A/ATS
0x00007ff807130000 	/System/Library/Frameworks/ApplicationServices.framework/Versions/A/Frameworks/HIServices.framework/Versions/A/HIServices
0x00007ff80f775000 	/System/Library/Frameworks/ApplicationServices.framework/Versions/A/Frameworks/PrintCore.framework/Versions/A/PrintCore
0x00007ff810ce4000 	/System/Library/Frameworks/ApplicationServices.framework/Versions/A/Frameworks/QD.framework/Versions/A/QD
0x00007ff810cdc000 	/System/Library/Frameworks/ApplicationServices.framework/Versions/A/Frameworks/ColorSyncLegacy.framework/Versions/A/ColorSyncLegacy
0x00007ff810905000 	/System/Library/Frameworks/ApplicationServices.framework/Versions/A/Frameworks/SpeechSynthesis.framework/Versions/A/SpeechSynthesis
0x00007ff80f733000 	/System/Library/Frameworks/ApplicationServices.framework/Versions/A/Frameworks/ATSUI.framework/Versions/A/ATSUI
0x00007ff810c6f000 	/usr/lib/libcups.2.dylib
0x00007ff811040000 	/System/Library/Frameworks/Kerberos.framework/Versions/A/Kerberos
0x00007ff81104f000 	/System/Library/Frameworks/GSS.framework/Versions/A/GSS
0x00007ff81099f000 	/usr/lib/libresolv.9.dylib
0x00007ff80ecba000 	/System/Library/PrivateFrameworks/Heimdal.framework/Versions/A/Heimdal
0x00007ff817d9d000 	/System/Library/Frameworks/Kerberos.framework/Versions/A/Libraries/libHeimdalProxy.dylib
0x00007ff81109a000 	/System/Library/PrivateFrameworks/CommonAuth.framework/Versions/A/CommonAuth
0x00007ffa19da5000 	/System/Library/Frameworks/AVFAudio.framework/Versions/A/AVFAudio
0x00007ff81f1dd000 	/System/Library/PrivateFrameworks/AXCoreUtilities.framework/Versions/A/AXCoreUtilities
0x00007ff810881000 	/System/Library/PrivateFrameworks/AudioSession.framework/Versions/A/AudioSession
0x00007ff811e7b000 	/System/Library/Frameworks/IOBluetooth.framework/Versions/A/IOBluetooth
0x00007ff80e7a1000 	/System/Library/PrivateFrameworks/MediaExperience.framework/Versions/A/MediaExperience
0x00007ff810728000 	/System/Library/PrivateFrameworks/AudioSession.framework/libSessionUtility.dylib
0x00007ff810cf0000 	/System/Library/PrivateFrameworks/AudioResourceArbitration.framework/Versions/A/AudioResourceArbitration
0x00007ff814dd4000 	/System/Library/PrivateFrameworks/PowerLog.framework/Versions/A/PowerLog
0x00007ff814d16000 	/System/Library/Frameworks/CoreBluetooth.framework/Versions/A/CoreBluetooth
0x00007ff817d9e000 	/System/Library/Frameworks/AudioUnit.framework/Versions/A/AudioUnit
0x00007ff80cca6000 	/System/Library/PrivateFrameworks/CoreUtils.framework/Versions/A/CoreUtils
0x00007ffb043d0000 	/System/Library/PrivateFrameworks/CoreUtilsExtras.framework/Versions/A/CoreUtilsExtras
0x00007ffb09121000 	/System/Library/PrivateFrameworks/IO80211.framework/Versions/A/IO80211
0x00007ff80e70f000 	/System/Library/PrivateFrameworks/IconFoundation.framework/Versions/A/IconFoundation
0x00007ff813df3000 	/System/Library/PrivateFrameworks/SpeechRecognitionCore.framework/Versions/A/SpeechRecognitionCore
0x000000010d727000 	/Users/rasmus/Library/Java/JavaVirtualMachines/openjdk-17.0.1/Contents/Home/lib/server/libjvm.dylib
0x000000010c70a000 	/Users/rasmus/Library/Java/JavaVirtualMachines/openjdk-17.0.1/Contents/Home/lib/libjimage.dylib
0x000000010c729000 	/Users/rasmus/Library/Java/JavaVirtualMachines/openjdk-17.0.1/Contents/Home/lib/libinstrument.dylib
0x000000010c77f000 	/Users/rasmus/Library/Java/JavaVirtualMachines/openjdk-17.0.1/Contents/Home/lib/libjava.dylib
0x000000012c74c000 	/Users/rasmus/Library/Java/JavaVirtualMachines/openjdk-17.0.1/Contents/Home/lib/libzip.dylib
0x000000012c78a000 	/Users/rasmus/Library/Java/JavaVirtualMachines/openjdk-17.0.1/Contents/Home/lib/libnio.dylib
0x000000012ed00000 	/Users/rasmus/Library/Java/JavaVirtualMachines/openjdk-17.0.1/Contents/Home/lib/libnet.dylib
0x000000012c682000 	/Users/rasmus/Library/Java/JavaVirtualMachines/openjdk-17.0.1/Contents/Home/lib/libextnet.dylib
0x000000012edfa000 	/private/var/folders/4w/b24brsbj7rj3q1b7b5z4d6b80000gn/T/libgdxrasmus/21f66466/libgdx64.dylib
0x000000012ee7e000 	/Users/rasmus/Library/Java/JavaVirtualMachines/openjdk-17.0.1/Contents/Home/lib/libverify.dylib
0x000000012ef4f000 	/Users/rasmus/Library/Java/JavaVirtualMachines/openjdk-17.0.1/Contents/Home/lib/libawt.dylib
0x000000012f0db000 	/Users/rasmus/Library/Java/JavaVirtualMachines/openjdk-17.0.1/Contents/Home/lib/libmlib_image.dylib
0x00007ffa1b087000 	/System/Library/Frameworks/JavaRuntimeSupport.framework/Versions/A/JavaRuntimeSupport
0x00007ff904f7d000 	/System/Library/Frameworks/Carbon.framework/Versions/A/Carbon
0x00007ff8160c4000 	/System/Library/PrivateFrameworks/CoreSymbolication.framework/Versions/A/CoreSymbolication
0x00007ff81b921000 	/System/Library/Frameworks/Carbon.framework/Versions/A/Frameworks/CommonPanels.framework/Versions/A/CommonPanels
0x00007ff817713000 	/System/Library/Frameworks/Carbon.framework/Versions/A/Frameworks/Help.framework/Versions/A/Help
0x00007ff81b925000 	/System/Library/Frameworks/Carbon.framework/Versions/A/Frameworks/ImageCapture.framework/Versions/A/ImageCapture
0x00007ff81b8f5000 	/System/Library/Frameworks/Carbon.framework/Versions/A/Frameworks/OpenScripting.framework/Versions/A/OpenScripting
0x00007ff81b91d000 	/System/Library/Frameworks/Carbon.framework/Versions/A/Frameworks/Ink.framework/Versions/A/Ink
0x00007ff904f79000 	/System/Library/Frameworks/Carbon.framework/Versions/A/Frameworks/Print.framework/Versions/A/Print
0x00007ff81b919000 	/System/Library/Frameworks/Carbon.framework/Versions/A/Frameworks/SecurityHI.framework/Versions/A/SecurityHI
0x00007ff816089000 	/System/Library/PrivateFrameworks/DebugSymbols.framework/Versions/A/DebugSymbols
0x000000012f33d000 	/Users/rasmus/Library/Java/JavaVirtualMachines/openjdk-17.0.1/Contents/Home/lib/libawt_lwawt.dylib
0x000000012eed9000 	/Users/rasmus/Library/Java/JavaVirtualMachines/openjdk-17.0.1/Contents/Home/lib/libosxapp.dylib
0x00007ff904131000 	/System/Library/Frameworks/ExceptionHandling.framework/Versions/A/ExceptionHandling
0x000000012f75f000 	/Users/rasmus/Library/Java/JavaVirtualMachines/openjdk-17.0.1/Contents/Home/lib/libfontmanager.dylib
0x000000012f5d1000 	/Users/rasmus/Library/Java/JavaVirtualMachines/openjdk-17.0.1/Contents/Home/lib/libfreetype.dylib
0x00007ff8153c6000 	/System/Library/Frameworks/FileProvider.framework/Versions/A/FileProvider
0x00007ff807c2d000 	/System/Library/Frameworks/Accounts.framework/Versions/A/Accounts
0x00007ff80a0dd000 	/System/Library/PrivateFrameworks/UserManagement.framework/Versions/A/UserManagement
0x00007ff815551000 	/System/Library/PrivateFrameworks/GenerationalStorage.framework/Versions/A/GenerationalStorage
0x00007ff814dc9000 	/System/Library/PrivateFrameworks/SymptomDiagnosticReporter.framework/Versions/A/SymptomDiagnosticReporter
0x00007ff805b13000 	/System/Library/PrivateFrameworks/DesktopServicesPriv.framework/Versions/A/DesktopServicesPriv
0x00007ff8048d7000 	/usr/lib/libsandbox.1.dylib
0x00007ff810cd1000 	/System/Library/PrivateFrameworks/NetAuth.framework/Versions/A/NetAuth
0x00007ff811cfe000 	/System/Library/PrivateFrameworks/Sharing.framework/Versions/A/Sharing
0x00007ff80a0a3000 	/System/Library/PrivateFrameworks/login.framework/Versions/A/Frameworks/loginsupport.framework/Versions/A/loginsupport
0x00007ff8172c2000 	/System/Library/PrivateFrameworks/Apple80211.framework/Versions/A/Apple80211
0x00007ff80d614000 	/System/Library/PrivateFrameworks/AuthKit.framework/Versions/A/AuthKit
0x00007ff80cc2c000 	/System/Library/Frameworks/CoreWLAN.framework/Versions/A/CoreWLAN
0x00007ff8172c6000 	/System/Library/PrivateFrameworks/CoreWiFi.framework/Versions/A/CoreWiFi
0x00007ffa087e4000 	/System/Library/PrivateFrameworks/WiFiPeerToPeer.framework/Versions/A/WiFiPeerToPeer
0x00007ff815c34000 	/System/Library/PrivateFrameworks/FrontBoardServices.framework/Versions/A/FrontBoardServices
0x00007ff815ccc000 	/System/Library/PrivateFrameworks/BoardServices.framework/Versions/A/BoardServices
0x00007ff817425000 	/System/Library/PrivateFrameworks/BackBoardServices.framework/Versions/A/BackBoardServices
0x00007ff80d782000 	/System/Library/Frameworks/UserNotifications.framework/Versions/A/UserNotifications
0x00007ff81118f000 	/System/Library/PrivateFrameworks/CorePhoneNumbers.framework/Versions/A/CorePhoneNumbers
0x00007ff8109cc000 	/System/Library/PrivateFrameworks/MultiverseSupport.framework/Versions/A/MultiverseSupport
0x00007ff8176a0000 	/System/Library/PrivateFrameworks/RemoteServiceDiscovery.framework/Versions/A/RemoteServiceDiscovery
0x00007ff814ee7000 	/System/Library/PrivateFrameworks/DiskManagement.framework/Versions/A/DiskManagement
0x00007ff814dfb000 	/System/Library/PrivateFrameworks/AppleIDAuthSupport.framework/Versions/A/AppleIDAuthSupport
0x00007ffa1e900000 	/System/Library/PrivateFrameworks/AAAFoundation.framework/Versions/A/AAAFoundation
0x00007ff811168000 	/System/Library/PrivateFrameworks/KeychainCircle.framework/Versions/A/KeychainCircle
0x00007ff8176b0000 	/System/Library/PrivateFrameworks/RemoteXPC.framework/Versions/A/RemoteXPC
0x00007ff814eb3000 	/System/Library/PrivateFrameworks/MediaKit.framework/Versions/A/MediaKit
0x00007ff814e07000 	/System/Library/Frameworks/DiscRecording.framework/Versions/A/DiscRecording
0x00007ff80e613000 	/usr/lib/libCoreStorage.dylib
0x00007ff81771b000 	/usr/lib/libcsfde.dylib
0x00007ff811f4c000 	/System/Library/PrivateFrameworks/ProtectedCloudStorage.framework/Versions/A/ProtectedCloudStorage
0x00007ff817717000 	/System/Library/PrivateFrameworks/EFILogin.framework/Versions/A/EFILogin
0x00007ff815577000 	/System/Library/PrivateFrameworks/OctagonTrust.framework/Versions/A/OctagonTrust
0x00007ff80e60b000 	/usr/lib/libMatch.1.dylib
0x00007ff90ddab000 	/System/Library/CoreServices/RawCamera.bundle/Contents/MacOS/RawCamera
0x00007ff8110aa000 	/System/Library/PrivateFrameworks/MobileAsset.framework/Versions/A/MobileAsset
0x00007ff90b6d7000 	/System/Library/PrivateFrameworks/SoftwareUpdateCoreSupport.framework/Versions/A/SoftwareUpdateCoreSupport
0x00007ff911a62000 	/System/Library/PrivateFrameworks/SoftwareUpdateCoreConnect.framework/Versions/A/SoftwareUpdateCoreConnect
0x00007ff817dc2000 	/System/Library/PrivateFrameworks/StreamingZip.framework/Versions/A/StreamingZip
0x00007ff90b356000 	/System/Library/PrivateFrameworks/MSUDataAccessor.framework/Versions/A/MSUDataAccessor
0x00007ff90791a000 	/usr/lib/libbootpolicy.dylib
0x00007ff918387000 	/usr/lib/libpartition2_dynamic.dylib
0x00007ffa20f5d000 	/System/Library/PrivateFrameworks/CMPhoto.framework/Versions/A/CMPhoto
0x00007ff815f5d000 	/System/Library/PrivateFrameworks/AppleVPA.framework/Versions/A/AppleVPA
0x00007ff80f9ac000 	/System/Library/Frameworks/MediaToolbox.framework/Versions/A/MediaToolbox
0x00007ff815396000 	/System/Library/PrivateFrameworks/CoreAVCHD.framework/Versions/A/CoreAVCHD
0x00007ff8144e5000 	/System/Library/Frameworks/MediaAccessibility.framework/Versions/A/MediaAccessibility
0x00007ff815392000 	/System/Library/PrivateFrameworks/Mangrove.framework/Versions/A/Mangrove
0x00007ff814fd7000 	/System/Library/PrivateFrameworks/CoreAUC.framework/Versions/A/CoreAUC
0x00007ff90ad3a000 	/System/Library/Frameworks/Accelerate.framework/Versions/A/Frameworks/vImage.framework/Versions/A/Libraries/libCGInterfaces.dylib
0x0000000138647000 	/usr/lib/libobjc-trampolines.dylib
0x00007ffb1d32d000 	/usr/lib/libAccessibilityBaseImplementations.dylib
0x00007ff809dbc000 	/System/Library/PrivateFrameworks/ViewBridge.framework/Versions/A/ViewBridge
0x000000013a21b000 	/private/var/folders/4w/b24brsbj7rj3q1b7b5z4d6b80000gn/T/libgdxrasmus/f7649394/liblwjgl.dylib
0x000000012ed58000 	/Users/rasmus/Library/Java/JavaVirtualMachines/openjdk-17.0.1/Contents/Home/lib/libjawt.dylib
0x000000013a3d1000 	/private/var/folders/4w/b24brsbj7rj3q1b7b5z4d6b80000gn/T/libgdxrasmus/f7649394/openal.dylib
0x000000013a75b000 	/System/Library/Components/CoreAudio.component/Contents/MacOS/CoreAudio
0x00007ff905366000 	/System/Library/Frameworks/AVFoundation.framework/Versions/A/AVFoundation
0x00007ff815a2e000 	/System/Library/PrivateFrameworks/AVFCore.framework/Versions/A/AVFCore
0x00007ff81d016000 	/System/Library/PrivateFrameworks/AVFCapture.framework/Versions/A/AVFCapture
0x00007ff903d82000 	/System/Library/PrivateFrameworks/AirPlaySync.framework/Versions/A/AirPlaySync
0x00007ffa20f2f000 	/System/Library/PrivateFrameworks/CMImaging.framework/Versions/A/CMImaging
0x00007ff81d195000 	/System/Library/PrivateFrameworks/Quagga.framework/Versions/A/Quagga
0x00007ff81d267000 	/System/Library/PrivateFrameworks/CMCapture.framework/Versions/A/CMCapture
0x00007ff810a9b000 	/System/Library/Frameworks/CoreMediaIO.framework/Versions/A/CoreMediaIO
0x00007ff90602a000 	/System/Library/PrivateFrameworks/LoggingSupport.framework/Versions/A/LoggingSupport
0x00007ffa1d1ef000 	/System/Library/Frameworks/OpenAL.framework/Versions/A/OpenAL
0x000000013c8e0000 	/System/Library/Components/AudioDSP.component/Contents/MacOS/AudioDSP
0x00007ffb1d3c2000 	/usr/lib/libAudioDSPCore.dylib
0x00007ff817ecf000 	/System/Library/PrivateFrameworks/Espresso.framework/Versions/A/Espresso
0x00007ff8177a0000 	/System/Library/PrivateFrameworks/AppSupport.framework/Versions/A/AppSupport
0x00007ffa0edbd000 	/System/Library/PrivateFrameworks/ANECompiler.framework/Versions/A/ANECompiler
0x00007ff819b81000 	/System/Library/PrivateFrameworks/AppleNeuralEngine.framework/Versions/A/AppleNeuralEngine
0x00007ffa1be4d000 	/System/Library/Frameworks/MetalPerformanceShadersGraph.framework/Versions/A/MetalPerformanceShadersGraph
0x00007ffb0aede000 	/System/Library/PrivateFrameworks/MilAneflow.framework/Versions/A/MilAneflow
0x00007ff818cbb000 	/System/Library/PrivateFrameworks/ANEServices.framework/Versions/A/ANEServices
0x00007ff90a1de000 	/usr/lib/libncurses.5.4.dylib
0x00007ffa17b0b000 	/System/Library/Frameworks/OpenGL.framework/Versions/A/Resources/GLEngine.bundle/GLEngine
0x00007ffa17971000 	/System/Library/Frameworks/OpenGL.framework/Versions/A/Libraries/libGLProgrammability.dylib
0x000000013a5b2000 	/System/Library/Extensions/AppleMetalOpenGLRenderer.bundle/Contents/MacOS/AppleMetalOpenGLRenderer
0x00007ffa17c95000 	/System/Library/Frameworks/OpenGL.framework/Versions/A/Resources/GLRendererFloat.bundle/GLRendererFloat
0x00007ffa18bf9000 	/System/Library/Extensions/AGXMetal13_3.bundle/Contents/MacOS/AGXMetal13_3
0x00007ff9060dd000 	/System/Library/PrivateFrameworks/GPURawCounter.framework/Versions/A/GPURawCounter
0x00007ff81e274000 	/System/Library/PrivateFrameworks/IOGPU.framework/Versions/A/IOGPU
0x00007ff80ed71000 	/System/Library/PrivateFrameworks/login.framework/Versions/A/login


VM Arguments:
jvm_args: -javaagent:/Applications/IntelliJ IDEA.app/Contents/lib/idea_rt.jar=49360:/Applications/IntelliJ IDEA.app/Contents/bin -Dfile.encoding=UTF-8 
java_command: dk.sdu.mmmi.cbse.main.Main
java_class_path (initial): /Users/rasmus/Documents/GitHub/SB4-KOM/AsteroidsEntityFramework/Core/target/classes:/Users/rasmus/.m2/repository/com/badlogicgames/gdx/gdx/1.11.0/gdx-1.11.0.jar:/Users/rasmus/.m2/repository/com/badlogicgames/gdx/gdx-jnigen-loader/2.3.1/gdx-jnigen-loader-2.3.1.jar:/Users/rasmus/.m2/repository/com/badlogicgames/gdx/gdx-platform/1.11.0/gdx-platform-1.11.0-natives-desktop.jar:/Users/rasmus/.m2/repository/com/badlogicgames/gdx/gdx-backend-lwjgl/1.11.0/gdx-backend-lwjgl-1.11.0.jar:/Users/rasmus/.m2/repository/org/lwjgl/lwjgl/lwjgl/2.9.3/lwjgl-2.9.3.jar:/Users/rasmus/.m2/repository/org/lwjgl/lwjgl/lwjgl-platform/2.9.3/lwjgl-platform-2.9.3-natives-windows.jar:/Users/rasmus/.m2/repository/org/lwjgl/lwjgl/lwjgl-platform/2.9.3/lwjgl-platform-2.9.3-natives-linux.jar:/Users/rasmus/.m2/repository/org/lwjgl/lwjgl/lwjgl-platform/2.9.3/lwjgl-platform-2.9.3-natives-osx.jar:/Users/rasmus/.m2/repository/net/java/jinput/jinput/2.0.5/jinput-2.0.5.jar:/Users/rasmus/.m2/repository/net/java/jutils/jutils/1.0.0/jutils-1.0.0.jar:/Users/rasmus/.m2/repository/net/java/jinput/jinput-platform/2.0.5/jinput-platform-2.0.5-natives-linux.jar:/Users/rasmus/.m2/repository/net/java/jinput/jinput-platform/2.0.5/jinput-platform-2.0.5-natives-windows.jar:/Users/rasmus/.m2/repository/net/java/jinput/jinput-platform/2.0.5/jinput-platform-2.0.5-natives-osx.jar:/Users/rasmus/.m2/repository/com/badlogicgames/jlayer/jlayer/1.0.1-gdx/jlayer-1.0.1-gdx.jar:/Users/rasmus/.m2/repository/org/jcraft/jorbis/0.0.17/jorbis-0.0.17.jar:/Users/rasmus/.m2/repository/com/badlogicgames/gdx/gdx-box2d/1.11.0/gdx-box2d-1.11.0.jar:/Users/rasmus/.m2/repository/com/badlogicgames/gdx/gdx-box2d-platform/1.11.0/gdx-box2d-platform-1.11.0-natives-desktop.jar:/Users/rasmus/.m2/repository/com/badlogicgames/gdx/gdx-freetype/1.11.0/gdx-freetype-1.11.0.jar:/Users/rasmus/.m2/repository/com/badlogicgames/gdx/gdx-freetype-platform/1.11.0/gdx-freetype-platform-1.11.0-natives-desktop.jar:/Users/rasmus/Documents/GitHub/S
Launcher Type: SUN_STANDARD

[Global flags]
     intx CICompilerCount                          = 4                                         {product} {ergonomic}
     uint ConcGCThreads                            = 2                                         {product} {ergonomic}
     uint G1ConcRefinementThreads                  = 8                                         {product} {ergonomic}
   size_t G1HeapRegionSize                         = 1048576                                   {product} {ergonomic}
    uintx GCDrainStackTargetSize                   = 64                                        {product} {ergonomic}
   size_t InitialHeapSize                          = 134217728                                 {product} {ergonomic}
   size_t MarkStackSize                            = 4194304                                   {product} {ergonomic}
   size_t MaxHeapSize                              = 2147483648                                {product} {ergonomic}
   size_t MaxNewSize                               = 1287651328                                {product} {ergonomic}
   size_t MinHeapDeltaBytes                        = 1048576                                   {product} {ergonomic}
   size_t MinHeapSize                              = 8388608                                   {product} {ergonomic}
    uintx NonNMethodCodeHeapSize                   = 5839372                                {pd product} {ergonomic}
    uintx NonProfiledCodeHeapSize                  = 122909434                              {pd product} {ergonomic}
    uintx ProfiledCodeHeapSize                     = 122909434                              {pd product} {ergonomic}
    uintx ReservedCodeCacheSize                    = 251658240                              {pd product} {ergonomic}
     bool SegmentedCodeCache                       = true                                      {product} {ergonomic}
   size_t SoftMaxHeapSize                          = 2147483648                             {manageable} {ergonomic}
     bool UseCompressedClassPointers               = true                           {product lp64_product} {ergonomic}
     bool UseCompressedOops                        = true                           {product lp64_product} {ergonomic}
     bool UseG1GC                                  = true                                      {product} {ergonomic}
     bool UseNUMA                                  = false                                     {product} {ergonomic}
     bool UseNUMAInterleaving                      = false                                     {product} {ergonomic}

Logging:
Log output configuration:
 #0: stdout all=warning uptime,level,tags
 #1: stderr all=off uptime,level,tags

Environment Variables:
PATH=/Library/Frameworks/Python.framework/Versions/3.11/bin:/opt/homebrew/bin:/usr/local/bin:/System/Cryptexes/App/usr/bin:/usr/bin:/bin:/usr/sbin:/sbin:/opt/X11/bin:/usr/local/share/dotnet:~/.dotnet/tools:/Library/Frameworks/Mono.framework/Versions/Current/Commands
SHELL=/usr/local/bin/fish
DISPLAY=/private/tmp/com.apple.launchd.zZhYKTRSqO/org.xquartz:0
LC_CTYPE=en_US.UTF-8

Signal Handlers:
   SIGSEGV: crash_handler in libjvm.dylib, mask=11100110100111111111111111111111, flags=SA_RESTART|SA_SIGINFO
    SIGBUS: crash_handler in libjvm.dylib, mask=11100110100111111111111111111111, flags=SA_RESTART|SA_SIGINFO
    SIGFPE: crash_handler in libjvm.dylib, mask=11100110100111111111111111111111, flags=SA_RESTART|SA_SIGINFO
   SIGPIPE: javaSignalHandler in libjvm.dylib, mask=11100110100111111111111111111111, flags=SA_RESTART|SA_SIGINFO
   SIGXFSZ: javaSignalHandler in libjvm.dylib, mask=11100110100111111111111111111111, flags=SA_RESTART|SA_SIGINFO
    SIGILL: crash_handler in libjvm.dylib, mask=11100110100111111111111111111111, flags=SA_RESTART|SA_SIGINFO
   SIGUSR2: SR_handler in libjvm.dylib, mask=00100000000000000000000000000000, flags=SA_RESTART|SA_SIGINFO
    SIGHUP: UserHandler in libjvm.dylib, mask=11100110100111111111111111111111, flags=SA_RESTART|SA_SIGINFO
    SIGINT: UserHandler in libjvm.dylib, mask=11100110100111111111111111111111, flags=SA_RESTART|SA_SIGINFO
   SIGTERM: UserHandler in libjvm.dylib, mask=11100110100111111111111111111111, flags=SA_RESTART|SA_SIGINFO
   SIGQUIT: UserHandler in libjvm.dylib, mask=11100110100111111111111111111111, flags=SA_RESTART|SA_SIGINFO
   SIGTRAP: crash_handler in libjvm.dylib, mask=11100110100111111111111111111111, flags=SA_RESTART|SA_SIGINFO


---------------  S Y S T E M  ---------------

OS:
uname: Darwin 22.2.0 Darwin Kernel Version 22.2.0: Fri Nov 11 02:04:44 PST 2022; root:xnu-8792.61.2~4/RELEASE_ARM64_T8103 x86_64
OS uptime: 0 days 12:54 hours
rlimit (soft/hard): STACK 8176k/65520k , CORE 0k/infinity , NPROC 1333/2000 , NOFILE 10240/infinity , AS infinity/infinity , CPU infinity/infinity , DATA infinity/infinity , FSIZE infinity/infinity , MEMLOCK infinity/infinity , RSS infinity/infinity
load average: 1.75 1.86 2.03

CPU: (EMULATED) total 8 (initial active 8) (1 cores per cpu, 1 threads per core) family 6 model 44 stepping 0 microcode 0x0, cx8, cmov, fxsr, mmx, sse, sse2, sse3, ssse3, sse4.1, sse4.2, popcnt, tsc, tscinvbit, aes, clmul, clflush

Memory: 4k page, physical 8388608k(13528k free), swap 0k(0k free)

vm_info: OpenJDK 64-Bit Server VM (17.0.1+12-39) for bsd-amd64 JRE (17.0.1+12-39), built on Sep 27 2021 17:37:19 by "mach5one" with clang Apple LLVM 12.0.0 (clang-1200.0.32.29)

END.
